   1              		.cpu cortex-m0
   2              		.fpu softvfp
   3              		.eabi_attribute 20, 1
   4              		.eabi_attribute 21, 1
   5              		.eabi_attribute 23, 3
   6              		.eabi_attribute 24, 1
   7              		.eabi_attribute 25, 1
   8              		.eabi_attribute 26, 1
   9              		.eabi_attribute 30, 2
  10              		.eabi_attribute 34, 0
  11              		.eabi_attribute 18, 4
  12              		.code	16
  13              		.file	"kinetis_sysinit.c"
  14              		.text
  15              	.Ltext0:
  16              		.cfi_sections	.debug_frame
  17              		.section	.text.Default_Handler,"ax",%progbits
  18              		.align	2
  19              		.global	Default_Handler
  20              		.code	16
  21              		.thumb_func
  23              	Default_Handler:
  24              	.LFB1:
  25              		.file 1 "../Project_Settings/Startup_Code/kinetis_sysinit.c"
   1:../Project_Settings/Startup_Code/kinetis_sysinit.c **** /*
   2:../Project_Settings/Startup_Code/kinetis_sysinit.c ****  *    kinetis_sysinit.c - Default init routines for Flycatcher
   3:../Project_Settings/Startup_Code/kinetis_sysinit.c ****  *                     		Kinetis ARM systems
   4:../Project_Settings/Startup_Code/kinetis_sysinit.c ****  *    Copyright © 2012 Freescale semiConductor Inc. All Rights Reserved.
   5:../Project_Settings/Startup_Code/kinetis_sysinit.c ****  */
   6:../Project_Settings/Startup_Code/kinetis_sysinit.c ****  
   7:../Project_Settings/Startup_Code/kinetis_sysinit.c **** #include "kinetis_sysinit.h"
   8:../Project_Settings/Startup_Code/kinetis_sysinit.c **** #include "derivative.h"
   9:../Project_Settings/Startup_Code/kinetis_sysinit.c **** 
  10:../Project_Settings/Startup_Code/kinetis_sysinit.c **** /**
  11:../Project_Settings/Startup_Code/kinetis_sysinit.c ****  **===========================================================================
  12:../Project_Settings/Startup_Code/kinetis_sysinit.c ****  **  External declarations
  13:../Project_Settings/Startup_Code/kinetis_sysinit.c ****  **===========================================================================
  14:../Project_Settings/Startup_Code/kinetis_sysinit.c ****  */
  15:../Project_Settings/Startup_Code/kinetis_sysinit.c **** #if __cplusplus
  16:../Project_Settings/Startup_Code/kinetis_sysinit.c **** extern "C" {
  17:../Project_Settings/Startup_Code/kinetis_sysinit.c **** #endif
  18:../Project_Settings/Startup_Code/kinetis_sysinit.c **** extern uint32_t __vector_table[];
  19:../Project_Settings/Startup_Code/kinetis_sysinit.c **** extern unsigned long _estack;
  20:../Project_Settings/Startup_Code/kinetis_sysinit.c **** extern void __thumb_startup(void);
  21:../Project_Settings/Startup_Code/kinetis_sysinit.c **** #if __cplusplus
  22:../Project_Settings/Startup_Code/kinetis_sysinit.c **** }
  23:../Project_Settings/Startup_Code/kinetis_sysinit.c **** #endif
  24:../Project_Settings/Startup_Code/kinetis_sysinit.c **** 
  25:../Project_Settings/Startup_Code/kinetis_sysinit.c **** /**
  26:../Project_Settings/Startup_Code/kinetis_sysinit.c ****  **===========================================================================
  27:../Project_Settings/Startup_Code/kinetis_sysinit.c ****  **  Default interrupt handler
  28:../Project_Settings/Startup_Code/kinetis_sysinit.c ****  **===========================================================================
  29:../Project_Settings/Startup_Code/kinetis_sysinit.c ****  */
  30:../Project_Settings/Startup_Code/kinetis_sysinit.c **** /*
  31:../Project_Settings/Startup_Code/kinetis_sysinit.c **** void Default_Handler()
  32:../Project_Settings/Startup_Code/kinetis_sysinit.c **** {
  33:../Project_Settings/Startup_Code/kinetis_sysinit.c **** 	__asm("bkpt");
  34:../Project_Settings/Startup_Code/kinetis_sysinit.c **** }
  35:../Project_Settings/Startup_Code/kinetis_sysinit.c **** */
  36:../Project_Settings/Startup_Code/kinetis_sysinit.c **** 
  37:../Project_Settings/Startup_Code/kinetis_sysinit.c **** /*
  38:../Project_Settings/Startup_Code/kinetis_sysinit.c ****  *  Default_Handler_Helper - Found on Community
  39:../Project_Settings/Startup_Code/kinetis_sysinit.c ****  * Stack contains:
  40:../Project_Settings/Startup_Code/kinetis_sysinit.c ****  * R0, R1, R2, R3, R12, R14, the pc and xPSR
  41:../Project_Settings/Startup_Code/kinetis_sysinit.c ****  *  
  42:../Project_Settings/Startup_Code/kinetis_sysinit.c ****  *  vIPSR is the interrupt number.
  43:../Project_Settings/Startup_Code/kinetis_sysinit.c ****  */ 
  44:../Project_Settings/Startup_Code/kinetis_sysinit.c **** void Default_Handler_Helper(uint32_t * svc_args,uint32_t vIPSR)
  45:../Project_Settings/Startup_Code/kinetis_sysinit.c **** {
  46:../Project_Settings/Startup_Code/kinetis_sysinit.c ****      // The pc might trace back to the instruction on a hardfault.
  47:../Project_Settings/Startup_Code/kinetis_sysinit.c ****      // If you jumped to data, it might not.
  48:../Project_Settings/Startup_Code/kinetis_sysinit.c ****       volatile uint32_t pc = ((uint32_t)svc_args[6]);
  49:../Project_Settings/Startup_Code/kinetis_sysinit.c ****         
  50:../Project_Settings/Startup_Code/kinetis_sysinit.c ****       __asm("bkpt");
  51:../Project_Settings/Startup_Code/kinetis_sysinit.c **** 
  52:../Project_Settings/Startup_Code/kinetis_sysinit.c **** }
  53:../Project_Settings/Startup_Code/kinetis_sysinit.c **** #pragma GCC diagnostic pop
  54:../Project_Settings/Startup_Code/kinetis_sysinit.c **** /*
  55:../Project_Settings/Startup_Code/kinetis_sysinit.c ****  * Default_Handler() Replacement.
  56:../Project_Settings/Startup_Code/kinetis_sysinit.c ****  * naked means no "C" prologue or epilogue.
  57:../Project_Settings/Startup_Code/kinetis_sysinit.c ****  * Set up the SP and IPSR registers as function parameters.
  58:../Project_Settings/Startup_Code/kinetis_sysinit.c ****  */
  59:../Project_Settings/Startup_Code/kinetis_sysinit.c **** void __attribute__ ((naked)) Default_Handler()
  60:../Project_Settings/Startup_Code/kinetis_sysinit.c **** {
  26              		.loc 1 60 0
  27              		.cfi_startproc
  61:../Project_Settings/Startup_Code/kinetis_sysinit.c ****         __asm volatile (
  28              		.loc 1 61 0
  29              	@ 61 "../Project_Settings/Startup_Code/kinetis_sysinit.c" 1
  30 0000 EFF30880 		MRS R0, MSP
  31 0004 EFF30581 	MRS R1, IPSR
  32 0008 FEE7     	B Default_Handler_Helper
  33              	
  34              	@ 0 "" 2
  62:../Project_Settings/Startup_Code/kinetis_sysinit.c ****          "MRS R0, MSP\n"        // Pass the SP in as the first "C" argument.
  63:../Project_Settings/Startup_Code/kinetis_sysinit.c ****          "MRS R1, IPSR\n"        // Pass in IPSR as the second "C" argument.
  64:../Project_Settings/Startup_Code/kinetis_sysinit.c ****          "B Default_Handler_Helper\n"
  65:../Project_Settings/Startup_Code/kinetis_sysinit.c ****          );
  66:../Project_Settings/Startup_Code/kinetis_sysinit.c **** }
  35              		.loc 1 66 0
  36              		.code	16
  37              		.cfi_endproc
  38              	.LFE1:
  40              		.weak	HardFault_Handler
  41              		.thumb_set HardFault_Handler,Default_Handler
  42              		.weak	SVC_Handler
  43              		.thumb_set SVC_Handler,Default_Handler
  44              		.weak	PendSV_Handler
  45              		.thumb_set PendSV_Handler,Default_Handler
  46              		.weak	SysTick_Handler
  47              		.thumb_set SysTick_Handler,Default_Handler
  48              		.weak	DMA0_IRQHandler
  49              		.thumb_set DMA0_IRQHandler,Default_Handler
  50              		.weak	DMA1_IRQHandler
  51              		.thumb_set DMA1_IRQHandler,Default_Handler
  52              		.weak	DMA2_IRQHandler
  53              		.thumb_set DMA2_IRQHandler,Default_Handler
  54              		.weak	DMA3_IRQHandler
  55              		.thumb_set DMA3_IRQHandler,Default_Handler
  56              		.weak	MCM_IRQHandler
  57              		.thumb_set MCM_IRQHandler,Default_Handler
  58              		.weak	FTFL_IRQHandler
  59              		.thumb_set FTFL_IRQHandler,Default_Handler
  60              		.weak	PMC_IRQHandler
  61              		.thumb_set PMC_IRQHandler,Default_Handler
  62              		.weak	LLW_IRQHandler
  63              		.thumb_set LLW_IRQHandler,Default_Handler
  64              		.weak	I2C0_IRQHandler
  65              		.thumb_set I2C0_IRQHandler,Default_Handler
  66              		.weak	I2C1_IRQHandler
  67              		.thumb_set I2C1_IRQHandler,Default_Handler
  68              		.weak	SPI0_IRQHandler
  69              		.thumb_set SPI0_IRQHandler,Default_Handler
  70              		.weak	SPI1_IRQHandler
  71              		.thumb_set SPI1_IRQHandler,Default_Handler
  72              		.weak	UART0_IRQHandler
  73              		.thumb_set UART0_IRQHandler,Default_Handler
  74              		.weak	UART1_IRQHandler
  75              		.thumb_set UART1_IRQHandler,Default_Handler
  76              		.weak	UART2_IRQHandler
  77              		.thumb_set UART2_IRQHandler,Default_Handler
  78              		.weak	ADC0_IRQHandler
  79              		.thumb_set ADC0_IRQHandler,Default_Handler
  80              		.weak	CMP0_IRQHandler
  81              		.thumb_set CMP0_IRQHandler,Default_Handler
  82              		.weak	FTM0_IRQHandler
  83              		.thumb_set FTM0_IRQHandler,Default_Handler
  84              		.weak	FTM1_IRQHandler
  85              		.thumb_set FTM1_IRQHandler,Default_Handler
  86              		.weak	FTM2_IRQHandler
  87              		.thumb_set FTM2_IRQHandler,Default_Handler
  88              		.weak	RTC_Alarm_IRQHandler
  89              		.thumb_set RTC_Alarm_IRQHandler,Default_Handler
  90              		.weak	RTC_Seconds_IRQHandler
  91              		.thumb_set RTC_Seconds_IRQHandler,Default_Handler
  92              		.weak	PIT_IRQHandler
  93              		.thumb_set PIT_IRQHandler,Default_Handler
  94              		.weak	USBOTG_IRQHandler
  95              		.thumb_set USBOTG_IRQHandler,Default_Handler
  96              		.weak	DAC0_IRQHandler
  97              		.thumb_set DAC0_IRQHandler,Default_Handler
  98              		.weak	TSI0_IRQHandler
  99              		.thumb_set TSI0_IRQHandler,Default_Handler
 100              		.weak	MCG_IRQHandler
 101              		.thumb_set MCG_IRQHandler,Default_Handler
 102              		.weak	LPTimer_IRQHandler
 103              		.thumb_set LPTimer_IRQHandler,Default_Handler
 104              		.weak	PORTA_IRQHandler
 105              		.thumb_set PORTA_IRQHandler,Default_Handler
 106              		.weak	PORTD_IRQHandler
 107              		.thumb_set PORTD_IRQHandler,Default_Handler
 108              		.weak	NMI_Handler
 109              		.thumb_set NMI_Handler,Default_Handler
 110 000a C046     		.section	.text.Default_Handler_Helper,"ax",%progbits
 111              		.align	2
 112              		.global	Default_Handler_Helper
 113              		.code	16
 114              		.thumb_func
 116              	Default_Handler_Helper:
 117              	.LFB0:
  45:../Project_Settings/Startup_Code/kinetis_sysinit.c **** {
 118              		.loc 1 45 0
 119              		.cfi_startproc
 120              	.LVL0:
  48:../Project_Settings/Startup_Code/kinetis_sysinit.c ****       volatile uint32_t pc = ((uint32_t)svc_args[6]);
 121              		.loc 1 48 0
 122 0000 8369     		ldr	r3, [r0, #24]
 123              	.LVL1:
  45:../Project_Settings/Startup_Code/kinetis_sysinit.c **** {
 124              		.loc 1 45 0
 125 0002 82B0     		sub	sp, sp, #8
 126              	.LCFI0:
 127              		.cfi_def_cfa_offset 8
  48:../Project_Settings/Startup_Code/kinetis_sysinit.c ****       volatile uint32_t pc = ((uint32_t)svc_args[6]);
 128              		.loc 1 48 0
 129 0004 0193     		str	r3, [sp, #4]
 130              	.LVL2:
  50:../Project_Settings/Startup_Code/kinetis_sysinit.c ****       __asm("bkpt");
 131              		.loc 1 50 0
 132              	@ 50 "../Project_Settings/Startup_Code/kinetis_sysinit.c" 1
 133 0006 00BE     		bkpt
 134              	@ 0 "" 2
  52:../Project_Settings/Startup_Code/kinetis_sysinit.c **** }
 135              		.loc 1 52 0
 136              		.code	16
 137 0008 02B0     		add	sp, sp, #8
 138              		@ sp needed for prologue
 139 000a 7047     		bx	lr
 140              		.cfi_endproc
 141              	.LFE0:
 143              		.section	.text.__init_hardware,"ax",%progbits
 144              		.align	2
 145              		.global	__init_hardware
 146              		.code	16
 147              		.thumb_func
 149              	__init_hardware:
 150              	.LFB2:
  67:../Project_Settings/Startup_Code/kinetis_sysinit.c **** 
  68:../Project_Settings/Startup_Code/kinetis_sysinit.c **** 
  69:../Project_Settings/Startup_Code/kinetis_sysinit.c **** 
  70:../Project_Settings/Startup_Code/kinetis_sysinit.c **** 
  71:../Project_Settings/Startup_Code/kinetis_sysinit.c **** 
  72:../Project_Settings/Startup_Code/kinetis_sysinit.c **** 
  73:../Project_Settings/Startup_Code/kinetis_sysinit.c **** /**
  74:../Project_Settings/Startup_Code/kinetis_sysinit.c ****  **===========================================================================
  75:../Project_Settings/Startup_Code/kinetis_sysinit.c ****  **  Reset handler
  76:../Project_Settings/Startup_Code/kinetis_sysinit.c ****  **===========================================================================
  77:../Project_Settings/Startup_Code/kinetis_sysinit.c ****  */
  78:../Project_Settings/Startup_Code/kinetis_sysinit.c **** void __init_hardware()
  79:../Project_Settings/Startup_Code/kinetis_sysinit.c **** {
 151              		.loc 1 79 0
 152              		.cfi_startproc
  80:../Project_Settings/Startup_Code/kinetis_sysinit.c **** 	SCB_VTOR = (uint32_t)__vector_table; /* Set the interrupt vector table position */
 153              		.loc 1 80 0
 154 0000 0449     		ldr	r1, .L4
 155 0002 054B     		ldr	r3, .L4+4
 156 0004 054A     		ldr	r2, .L4+8
  81:../Project_Settings/Startup_Code/kinetis_sysinit.c **** 	
  82:../Project_Settings/Startup_Code/kinetis_sysinit.c **** 	// Disable the Watchdog because it may reset the core before entering main().
  83:../Project_Settings/Startup_Code/kinetis_sysinit.c **** 	SIM_COPC = KINETIS_WDOG_DISABLED_CTRL;
 157              		.loc 1 83 0
 158 0006 0020     		mov	r0, #0
  80:../Project_Settings/Startup_Code/kinetis_sysinit.c **** 	SCB_VTOR = (uint32_t)__vector_table; /* Set the interrupt vector table position */
 159              		.loc 1 80 0
 160 0008 D150     		str	r1, [r2, r3]
 161              		.loc 1 83 0
 162 000a 8823     		mov	r3, #136
 163 000c 044A     		ldr	r2, .L4+12
 164 000e 5901     		lsl	r1, r3, #5
 165 0010 5050     		str	r0, [r2, r1]
  84:../Project_Settings/Startup_Code/kinetis_sysinit.c **** }
 166              		.loc 1 84 0
 167              		@ sp needed for prologue
 168 0012 7047     		bx	lr
 169              	.L5:
 170              		.align	2
 171              	.L4:
 172 0014 00000000 		.word	__vector_table
 173 0018 080D0000 		.word	3336
 174 001c 00E000E0 		.word	-536813568
 175 0020 00700440 		.word	1074032640
 176              		.cfi_endproc
 177              	.LFE2:
 179              		.global	InterruptVector
 180              		.section	.vectortable,"a",%progbits
 181              		.align	2
 184              	InterruptVector:
 185 0000 00000000 		.word	_estack
 186 0004 00000000 		.word	__thumb_startup
 187 0008 00000000 		.word	NMI_Handler
 188 000c 00000000 		.word	HardFault_Handler
 189 0010 00000000 		.word	0
 190 0014 00000000 		.word	0
 191 0018 00000000 		.word	0
 192 001c 00000000 		.word	0
 193 0020 00000000 		.word	0
 194 0024 00000000 		.word	0
 195 0028 00000000 		.word	0
 196 002c 00000000 		.word	SVC_Handler
 197 0030 00000000 		.word	0
 198 0034 00000000 		.word	0
 199 0038 00000000 		.word	PendSV_Handler
 200 003c 00000000 		.word	SysTick_Handler
 201 0040 00000000 		.word	DMA0_IRQHandler
 202 0044 00000000 		.word	DMA1_IRQHandler
 203 0048 00000000 		.word	DMA2_IRQHandler
 204 004c 00000000 		.word	DMA3_IRQHandler
 205 0050 00000000 		.word	MCM_IRQHandler
 206 0054 00000000 		.word	FTFL_IRQHandler
 207 0058 00000000 		.word	PMC_IRQHandler
 208 005c 00000000 		.word	LLW_IRQHandler
 209 0060 00000000 		.word	I2C0_IRQHandler
 210 0064 00000000 		.word	I2C1_IRQHandler
 211 0068 00000000 		.word	SPI0_IRQHandler
 212 006c 00000000 		.word	SPI1_IRQHandler
 213 0070 00000000 		.word	UART0_IRQHandler
 214 0074 00000000 		.word	UART1_IRQHandler
 215 0078 00000000 		.word	UART2_IRQHandler
 216 007c 00000000 		.word	ADC0_IRQHandler
 217 0080 00000000 		.word	CMP0_IRQHandler
 218 0084 00000000 		.word	FTM0_IRQHandler
 219 0088 00000000 		.word	FTM1_IRQHandler
 220 008c 00000000 		.word	FTM2_IRQHandler
 221 0090 00000000 		.word	RTC_Alarm_IRQHandler
 222 0094 00000000 		.word	RTC_Seconds_IRQHandler
 223 0098 00000000 		.word	PIT_IRQHandler
 224 009c 00000000 		.word	Default_Handler
 225 00a0 00000000 		.word	USBOTG_IRQHandler
 226 00a4 00000000 		.word	DAC0_IRQHandler
 227 00a8 00000000 		.word	TSI0_IRQHandler
 228 00ac 00000000 		.word	MCG_IRQHandler
 229 00b0 00000000 		.word	LPTimer_IRQHandler
 230 00b4 00000000 		.word	Default_Handler
 231 00b8 00000000 		.word	PORTA_IRQHandler
 232 00bc 00000000 		.word	PORTD_IRQHandler
 233              		.text
 234              	.Letext0:
 235              		.file 2 "C:/Freescale/CW MCU v10.6/MCU/ARM_GCC_Support/ewl/EWL_C/include/cstdint"
 236              		.file 3 "C:/Users/bentr_000/Desktop/FRDM-TFC/Project_Headers/MKL25Z4.h"
DEFINED SYMBOLS
                            *ABS*:00000000 kinetis_sysinit.c
C:\Users\BENTR_~1\AppData\Local\Temp\ccq7tQET.s:18     .text.Default_Handler:00000000 $t
C:\Users\BENTR_~1\AppData\Local\Temp\ccq7tQET.s:23     .text.Default_Handler:00000000 Default_Handler
C:\Users\BENTR_~1\AppData\Local\Temp\ccq7tQET.s:116    .text.Default_Handler_Helper:00000000 Default_Handler_Helper
C:\Users\BENTR_~1\AppData\Local\Temp\ccq7tQET.s:23     .text.Default_Handler:00000000 HardFault_Handler
C:\Users\BENTR_~1\AppData\Local\Temp\ccq7tQET.s:23     .text.Default_Handler:00000000 SVC_Handler
C:\Users\BENTR_~1\AppData\Local\Temp\ccq7tQET.s:23     .text.Default_Handler:00000000 PendSV_Handler
C:\Users\BENTR_~1\AppData\Local\Temp\ccq7tQET.s:23     .text.Default_Handler:00000000 SysTick_Handler
C:\Users\BENTR_~1\AppData\Local\Temp\ccq7tQET.s:23     .text.Default_Handler:00000000 DMA0_IRQHandler
C:\Users\BENTR_~1\AppData\Local\Temp\ccq7tQET.s:23     .text.Default_Handler:00000000 DMA1_IRQHandler
C:\Users\BENTR_~1\AppData\Local\Temp\ccq7tQET.s:23     .text.Default_Handler:00000000 DMA2_IRQHandler
C:\Users\BENTR_~1\AppData\Local\Temp\ccq7tQET.s:23     .text.Default_Handler:00000000 DMA3_IRQHandler
C:\Users\BENTR_~1\AppData\Local\Temp\ccq7tQET.s:23     .text.Default_Handler:00000000 MCM_IRQHandler
C:\Users\BENTR_~1\AppData\Local\Temp\ccq7tQET.s:23     .text.Default_Handler:00000000 FTFL_IRQHandler
C:\Users\BENTR_~1\AppData\Local\Temp\ccq7tQET.s:23     .text.Default_Handler:00000000 PMC_IRQHandler
C:\Users\BENTR_~1\AppData\Local\Temp\ccq7tQET.s:23     .text.Default_Handler:00000000 LLW_IRQHandler
C:\Users\BENTR_~1\AppData\Local\Temp\ccq7tQET.s:23     .text.Default_Handler:00000000 I2C0_IRQHandler
C:\Users\BENTR_~1\AppData\Local\Temp\ccq7tQET.s:23     .text.Default_Handler:00000000 I2C1_IRQHandler
C:\Users\BENTR_~1\AppData\Local\Temp\ccq7tQET.s:23     .text.Default_Handler:00000000 SPI0_IRQHandler
C:\Users\BENTR_~1\AppData\Local\Temp\ccq7tQET.s:23     .text.Default_Handler:00000000 SPI1_IRQHandler
C:\Users\BENTR_~1\AppData\Local\Temp\ccq7tQET.s:23     .text.Default_Handler:00000000 UART0_IRQHandler
C:\Users\BENTR_~1\AppData\Local\Temp\ccq7tQET.s:23     .text.Default_Handler:00000000 UART1_IRQHandler
C:\Users\BENTR_~1\AppData\Local\Temp\ccq7tQET.s:23     .text.Default_Handler:00000000 UART2_IRQHandler
C:\Users\BENTR_~1\AppData\Local\Temp\ccq7tQET.s:23     .text.Default_Handler:00000000 ADC0_IRQHandler
C:\Users\BENTR_~1\AppData\Local\Temp\ccq7tQET.s:23     .text.Default_Handler:00000000 CMP0_IRQHandler
C:\Users\BENTR_~1\AppData\Local\Temp\ccq7tQET.s:23     .text.Default_Handler:00000000 FTM0_IRQHandler
C:\Users\BENTR_~1\AppData\Local\Temp\ccq7tQET.s:23     .text.Default_Handler:00000000 FTM1_IRQHandler
C:\Users\BENTR_~1\AppData\Local\Temp\ccq7tQET.s:23     .text.Default_Handler:00000000 FTM2_IRQHandler
C:\Users\BENTR_~1\AppData\Local\Temp\ccq7tQET.s:23     .text.Default_Handler:00000000 RTC_Alarm_IRQHandler
C:\Users\BENTR_~1\AppData\Local\Temp\ccq7tQET.s:23     .text.Default_Handler:00000000 RTC_Seconds_IRQHandler
C:\Users\BENTR_~1\AppData\Local\Temp\ccq7tQET.s:23     .text.Default_Handler:00000000 PIT_IRQHandler
C:\Users\BENTR_~1\AppData\Local\Temp\ccq7tQET.s:23     .text.Default_Handler:00000000 USBOTG_IRQHandler
C:\Users\BENTR_~1\AppData\Local\Temp\ccq7tQET.s:23     .text.Default_Handler:00000000 DAC0_IRQHandler
C:\Users\BENTR_~1\AppData\Local\Temp\ccq7tQET.s:23     .text.Default_Handler:00000000 TSI0_IRQHandler
C:\Users\BENTR_~1\AppData\Local\Temp\ccq7tQET.s:23     .text.Default_Handler:00000000 MCG_IRQHandler
C:\Users\BENTR_~1\AppData\Local\Temp\ccq7tQET.s:23     .text.Default_Handler:00000000 LPTimer_IRQHandler
C:\Users\BENTR_~1\AppData\Local\Temp\ccq7tQET.s:23     .text.Default_Handler:00000000 PORTA_IRQHandler
C:\Users\BENTR_~1\AppData\Local\Temp\ccq7tQET.s:23     .text.Default_Handler:00000000 PORTD_IRQHandler
C:\Users\BENTR_~1\AppData\Local\Temp\ccq7tQET.s:23     .text.Default_Handler:00000000 NMI_Handler
C:\Users\BENTR_~1\AppData\Local\Temp\ccq7tQET.s:111    .text.Default_Handler_Helper:00000000 $t
C:\Users\BENTR_~1\AppData\Local\Temp\ccq7tQET.s:144    .text.__init_hardware:00000000 $t
C:\Users\BENTR_~1\AppData\Local\Temp\ccq7tQET.s:149    .text.__init_hardware:00000000 __init_hardware
C:\Users\BENTR_~1\AppData\Local\Temp\ccq7tQET.s:172    .text.__init_hardware:00000014 $d
C:\Users\BENTR_~1\AppData\Local\Temp\ccq7tQET.s:184    .vectortable:00000000 InterruptVector
C:\Users\BENTR_~1\AppData\Local\Temp\ccq7tQET.s:181    .vectortable:00000000 $d
                     .debug_frame:00000010 $d

UNDEFINED SYMBOLS
__vector_table
_estack
__thumb_startup
