   1              		.cpu cortex-m0
   2              		.fpu softvfp
   3              		.eabi_attribute 20, 1
   4              		.eabi_attribute 21, 1
   5              		.eabi_attribute 23, 3
   6              		.eabi_attribute 24, 1
   7              		.eabi_attribute 25, 1
   8              		.eabi_attribute 26, 1
   9              		.eabi_attribute 30, 2
  10              		.eabi_attribute 34, 0
  11              		.eabi_attribute 18, 4
  12              		.code	16
  13              		.file	"TFC_LineScanCamera.c"
  14              		.text
  15              	.Ltext0:
  16              		.cfi_sections	.debug_frame
  17              		.section	.text.TFC_InitLineScanCamera,"ax",%progbits
  18              		.align	2
  19              		.global	TFC_InitLineScanCamera
  20              		.code	16
  21              		.thumb_func
  23              	TFC_InitLineScanCamera:
  24              	.LFB0:
  25              		.file 1 "../Sources/TFC/TFC_LineScanCamera.c"
   1:../Sources/TFC/TFC_LineScanCamera.c **** #include "TFC\TFC.h"
   2:../Sources/TFC/TFC_LineScanCamera.c **** #include "Settings.h"
   3:../Sources/TFC/TFC_LineScanCamera.c **** 
   4:../Sources/TFC/TFC_LineScanCamera.c **** 
   5:../Sources/TFC/TFC_LineScanCamera.c **** volatile uint16_t  *LineScanImage0WorkingBuffer;
   6:../Sources/TFC/TFC_LineScanCamera.c **** volatile uint16_t  *LineScanImage0;
   7:../Sources/TFC/TFC_LineScanCamera.c **** volatile uint16_t  LineScanImage0Buffer[2][128];
   8:../Sources/TFC/TFC_LineScanCamera.c **** 
   9:../Sources/TFC/TFC_LineScanCamera.c **** #ifdef CAMERA_TWO_ENABLE
  10:../Sources/TFC/TFC_LineScanCamera.c **** volatile uint16_t  *LineScanImage1WorkingBuffer;
  11:../Sources/TFC/TFC_LineScanCamera.c **** volatile uint16_t  LineScanImage1Buffer[2][128];
  12:../Sources/TFC/TFC_LineScanCamera.c **** #endif
  13:../Sources/TFC/TFC_LineScanCamera.c **** volatile uint16_t  *LineScanImage1;
  14:../Sources/TFC/TFC_LineScanCamera.c **** 
  15:../Sources/TFC/TFC_LineScanCamera.c **** volatile uint8_t   LineScanWorkingBuffer;
  16:../Sources/TFC/TFC_LineScanCamera.c **** 
  17:../Sources/TFC/TFC_LineScanCamera.c **** volatile uint8_t LineScanImageReady = 0;
  18:../Sources/TFC/TFC_LineScanCamera.c **** 
  19:../Sources/TFC/TFC_LineScanCamera.c **** void TFC_InitLineScanCamera()
  20:../Sources/TFC/TFC_LineScanCamera.c **** {
  26              		.loc 1 20 0
  27              		.cfi_startproc
  21:../Sources/TFC/TFC_LineScanCamera.c **** 	SIM_SCGC5 |=     SIM_SCGC5_PORTE_MASK | SIM_SCGC5_PORTD_MASK; //Make sure the clock is enabled for
  28              		.loc 1 21 0
  29 0000 164A     		ldr	r2, .L2
  30 0002 174B     		ldr	r3, .L2+4
  31 0004 C021     		mov	r1, #192
  32 0006 D058     		ldr	r0, [r2, r3]
  20:../Sources/TFC/TFC_LineScanCamera.c **** {
  33              		.loc 1 20 0
  34 0008 30B5     		push	{r4, r5, lr}
  35              	.LCFI0:
  36              		.cfi_def_cfa_offset 12
  37              		.cfi_offset 4, -12
  38              		.cfi_offset 5, -8
  39              		.cfi_offset 14, -4
  40              		.loc 1 21 0
  41 000a 8C01     		lsl	r4, r1, #6
  42 000c 0443     		orr	r4, r0
  43 000e D450     		str	r4, [r2, r3]
  22:../Sources/TFC/TFC_LineScanCamera.c **** 	PORTE_PCR1 = PORT_PCR_MUX(1) | PORT_PCR_DSE_MASK;   //Enable GPIO on on the pin for the CLOCK Sign
  23:../Sources/TFC/TFC_LineScanCamera.c **** 	PORTD_PCR7 = PORT_PCR_MUX(1) | PORT_PCR_DSE_MASK;   //Enable GPIO on on the pin for SI signal
  44              		.loc 1 23 0
  45 0010 1448     		ldr	r0, .L2+8
  22:../Sources/TFC/TFC_LineScanCamera.c **** 	PORTE_PCR1 = PORT_PCR_MUX(1) | PORT_PCR_DSE_MASK;   //Enable GPIO on on the pin for the CLOCK Sign
  46              		.loc 1 22 0
  47 0012 A025     		mov	r5, #160
  48 0014 144A     		ldr	r2, .L2+12
  49 0016 6B00     		lsl	r3, r5, #1
  50 0018 5360     		str	r3, [r2, #4]
  51              		.loc 1 23 0
  52 001a C361     		str	r3, [r0, #28]
  24:../Sources/TFC/TFC_LineScanCamera.c **** 	
  25:../Sources/TFC/TFC_LineScanCamera.c **** 	PORTD_PCR5 = PORT_PCR_MUX(0); //Make sure AO signal goes to an analog input
  26:../Sources/TFC/TFC_LineScanCamera.c **** 	PORTD_PCR6 = PORT_PCR_MUX(0); //Make sure AO signal goes to an analog input
  27:../Sources/TFC/TFC_LineScanCamera.c **** 		
  28:../Sources/TFC/TFC_LineScanCamera.c **** 	//Make sure the Clock and SI pins are outputs
  29:../Sources/TFC/TFC_LineScanCamera.c ****     GPIOD_PDDR |= (1<<7);
  53              		.loc 1 29 0
  54 001c 134A     		ldr	r2, .L2+16
  25:../Sources/TFC/TFC_LineScanCamera.c **** 	PORTD_PCR5 = PORT_PCR_MUX(0); //Make sure AO signal goes to an analog input
  55              		.loc 1 25 0
  56 001e 0023     		mov	r3, #0
  57 0020 4361     		str	r3, [r0, #20]
  26:../Sources/TFC/TFC_LineScanCamera.c **** 	PORTD_PCR6 = PORT_PCR_MUX(0); //Make sure AO signal goes to an analog input
  58              		.loc 1 26 0
  59 0022 8361     		str	r3, [r0, #24]
  60              		.loc 1 29 0
  61 0024 5169     		ldr	r1, [r2, #20]
  62 0026 8020     		mov	r0, #128
  63 0028 0143     		orr	r1, r0
  64 002a 5161     		str	r1, [r2, #20]
  30:../Sources/TFC/TFC_LineScanCamera.c ****     GPIOE_PDDR |= (1<<1);
  65              		.loc 1 30 0
  66 002c 1049     		ldr	r1, .L2+20
  67 002e 0224     		mov	r4, #2
  68 0030 4D69     		ldr	r5, [r1, #20]
  31:../Sources/TFC/TFC_LineScanCamera.c ****             
  32:../Sources/TFC/TFC_LineScanCamera.c **** 	TAOS_CLK_LOW;
  33:../Sources/TFC/TFC_LineScanCamera.c **** 	TAOS_SI_LOW;
  34:../Sources/TFC/TFC_LineScanCamera.c **** 
  35:../Sources/TFC/TFC_LineScanCamera.c **** 	LineScanWorkingBuffer = 0;
  36:../Sources/TFC/TFC_LineScanCamera.c **** 	
  37:../Sources/TFC/TFC_LineScanCamera.c **** 	LineScanImage0WorkingBuffer = &LineScanImage0Buffer[0][0];
  38:../Sources/TFC/TFC_LineScanCamera.c **** 	LineScanImage0 = &LineScanImage0Buffer[1][0];
  39:../Sources/TFC/TFC_LineScanCamera.c **** 	
  40:../Sources/TFC/TFC_LineScanCamera.c **** 	#ifdef CAMERA_TWO_ENABLE
  41:../Sources/TFC/TFC_LineScanCamera.c **** 	LineScanImage1WorkingBuffer = &LineScanImage1Buffer[0][0];
  42:../Sources/TFC/TFC_LineScanCamera.c **** 	LineScanImage1 = &LineScanImage1Buffer[1][0];
  43:../Sources/TFC/TFC_LineScanCamera.c **** 	#endif
  44:../Sources/TFC/TFC_LineScanCamera.c **** }
  69              		.loc 1 44 0
  70              		@ sp needed for prologue
  30:../Sources/TFC/TFC_LineScanCamera.c ****     GPIOE_PDDR |= (1<<1);
  71              		.loc 1 30 0
  72 0032 2543     		orr	r5, r4
  73 0034 4D61     		str	r5, [r1, #20]
  32:../Sources/TFC/TFC_LineScanCamera.c **** 	TAOS_CLK_LOW;
  74              		.loc 1 32 0
  75 0036 8C60     		str	r4, [r1, #8]
  33:../Sources/TFC/TFC_LineScanCamera.c **** 	TAOS_SI_LOW;
  76              		.loc 1 33 0
  77 0038 9060     		str	r0, [r2, #8]
  35:../Sources/TFC/TFC_LineScanCamera.c **** 	LineScanWorkingBuffer = 0;
  78              		.loc 1 35 0
  79 003a 0E4A     		ldr	r2, .L2+24
  41:../Sources/TFC/TFC_LineScanCamera.c **** 	LineScanImage1WorkingBuffer = &LineScanImage1Buffer[0][0];
  80              		.loc 1 41 0
  81 003c 0E4D     		ldr	r5, .L2+28
  35:../Sources/TFC/TFC_LineScanCamera.c **** 	LineScanWorkingBuffer = 0;
  82              		.loc 1 35 0
  83 003e 1370     		strb	r3, [r2]
  37:../Sources/TFC/TFC_LineScanCamera.c **** 	LineScanImage0WorkingBuffer = &LineScanImage0Buffer[0][0];
  84              		.loc 1 37 0
  85 0040 0E48     		ldr	r0, .L2+32
  86 0042 0F4B     		ldr	r3, .L2+36
  41:../Sources/TFC/TFC_LineScanCamera.c **** 	LineScanImage1WorkingBuffer = &LineScanImage1Buffer[0][0];
  87              		.loc 1 41 0
  88 0044 0F4C     		ldr	r4, .L2+40
  37:../Sources/TFC/TFC_LineScanCamera.c **** 	LineScanImage0WorkingBuffer = &LineScanImage0Buffer[0][0];
  89              		.loc 1 37 0
  90 0046 0360     		str	r3, [r0]
  38:../Sources/TFC/TFC_LineScanCamera.c **** 	LineScanImage0 = &LineScanImage0Buffer[1][0];
  91              		.loc 1 38 0
  92 0048 0F49     		ldr	r1, .L2+44
  41:../Sources/TFC/TFC_LineScanCamera.c **** 	LineScanImage1WorkingBuffer = &LineScanImage1Buffer[0][0];
  93              		.loc 1 41 0
  94 004a 2560     		str	r5, [r4]
  42:../Sources/TFC/TFC_LineScanCamera.c **** 	LineScanImage1 = &LineScanImage1Buffer[1][0];
  95              		.loc 1 42 0
  96 004c 0F4A     		ldr	r2, .L2+48
  38:../Sources/TFC/TFC_LineScanCamera.c **** 	LineScanImage0 = &LineScanImage0Buffer[1][0];
  97              		.loc 1 38 0
  98 004e 0133     		add	r3, r3, #1
  42:../Sources/TFC/TFC_LineScanCamera.c **** 	LineScanImage1 = &LineScanImage1Buffer[1][0];
  99              		.loc 1 42 0
 100 0050 0135     		add	r5, r5, #1
 101 0052 FF35     		add	r5, r5, #255
  38:../Sources/TFC/TFC_LineScanCamera.c **** 	LineScanImage0 = &LineScanImage0Buffer[1][0];
 102              		.loc 1 38 0
 103 0054 FF33     		add	r3, r3, #255
  42:../Sources/TFC/TFC_LineScanCamera.c **** 	LineScanImage1 = &LineScanImage1Buffer[1][0];
 104              		.loc 1 42 0
 105 0056 1560     		str	r5, [r2]
  38:../Sources/TFC/TFC_LineScanCamera.c **** 	LineScanImage0 = &LineScanImage0Buffer[1][0];
 106              		.loc 1 38 0
 107 0058 0B60     		str	r3, [r1]
 108              		.loc 1 44 0
 109 005a 30BD     		pop	{r4, r5, pc}
 110              	.L3:
 111              		.align	2
 112              	.L2:
 113 005c 00700440 		.word	1074032640
 114 0060 38100000 		.word	4152
 115 0064 00C00440 		.word	1074053120
 116 0068 00D00440 		.word	1074057216
 117 006c C0F00F40 		.word	1074786496
 118 0070 00F10F40 		.word	1074786560
 119 0074 00000000 		.word	LineScanWorkingBuffer
 120 0078 00000000 		.word	LineScanImage1Buffer
 121 007c 00000000 		.word	LineScanImage0WorkingBuffer
 122 0080 00000000 		.word	LineScanImage0Buffer
 123 0084 00000000 		.word	LineScanImage1WorkingBuffer
 124 0088 00000000 		.word	LineScanImage0
 125 008c 00000000 		.word	LineScanImage1
 126              		.cfi_endproc
 127              	.LFE0:
 129              		.global	__aeabi_ui2f
 130              		.global	__aeabi_fdiv
 131              		.global	__aeabi_fmul
 132              		.global	__aeabi_f2uiz
 133              		.section	.text.TFC_SetLineScanExposureTime,"ax",%progbits
 134              		.align	2
 135              		.global	TFC_SetLineScanExposureTime
 136              		.code	16
 137              		.thumb_func
 139              	TFC_SetLineScanExposureTime:
 140              	.LFB1:
  45:../Sources/TFC/TFC_LineScanCamera.c **** 
  46:../Sources/TFC/TFC_LineScanCamera.c **** 
  47:../Sources/TFC/TFC_LineScanCamera.c **** void TFC_SetLineScanExposureTime(uint32_t  TimeIn_uS)
  48:../Sources/TFC/TFC_LineScanCamera.c **** {
 141              		.loc 1 48 0
 142              		.cfi_startproc
 143              	.LVL0:
 144 0000 08B5     		push	{r3, lr}
 145              	.LCFI1:
 146              		.cfi_def_cfa_offset 8
 147              		.cfi_offset 3, -8
 148              		.cfi_offset 14, -4
  49:../Sources/TFC/TFC_LineScanCamera.c **** 		float t;
  50:../Sources/TFC/TFC_LineScanCamera.c **** 		
  51:../Sources/TFC/TFC_LineScanCamera.c **** 		//Figure out how many Pit ticks we need for for the exposure time
  52:../Sources/TFC/TFC_LineScanCamera.c **** 		t = (TimeIn_uS /1000000.0f) * (float)(PERIPHERAL_BUS_CLOCK);
 149              		.loc 1 52 0
 150 0002 FFF7FEFF 		bl	__aeabi_ui2f
 151              	.LVL1:
 152 0006 0649     		ldr	r1, .L5
 153 0008 FFF7FEFF 		bl	__aeabi_fdiv
 154              	.LVL2:
 155 000c 0549     		ldr	r1, .L5+4
 156 000e FFF7FEFF 		bl	__aeabi_fmul
 157              	.LVL3:
  53:../Sources/TFC/TFC_LineScanCamera.c **** 		PIT_LDVAL0 = (uint32_t)t;
 158              		.loc 1 53 0
 159 0012 FFF7FEFF 		bl	__aeabi_f2uiz
 160              	.LVL4:
 161 0016 8023     		mov	r3, #128
 162 0018 034A     		ldr	r2, .L5+8
 163 001a 5900     		lsl	r1, r3, #1
 164 001c 5050     		str	r0, [r2, r1]
  54:../Sources/TFC/TFC_LineScanCamera.c **** 	
  55:../Sources/TFC/TFC_LineScanCamera.c **** }
 165              		.loc 1 55 0
 166              		@ sp needed for prologue
 167 001e 08BD     		pop	{r3, pc}
 168              	.L6:
 169              		.align	2
 170              	.L5:
 171 0020 00247449 		.word	1232348160
 172 0024 001BB74B 		.word	1270291200
 173 0028 00700340 		.word	1073967104
 174              		.cfi_endproc
 175              	.LFE1:
 177              		.section	.text.TFC_getLineScanExposureTime,"ax",%progbits
 178              		.align	2
 179              		.global	TFC_getLineScanExposureTime
 180              		.code	16
 181              		.thumb_func
 183              	TFC_getLineScanExposureTime:
 184              	.LFB2:
  56:../Sources/TFC/TFC_LineScanCamera.c **** 
  57:../Sources/TFC/TFC_LineScanCamera.c **** uint32_t TFC_getLineScanExposureTime(){
 185              		.loc 1 57 0
 186              		.cfi_startproc
 187 0000 08B5     		push	{r3, lr}
 188              	.LCFI2:
 189              		.cfi_def_cfa_offset 8
 190              		.cfi_offset 3, -8
 191              		.cfi_offset 14, -4
  58:../Sources/TFC/TFC_LineScanCamera.c **** 	return (uint32_t)(((float)PIT_LDVAL0 * 1000000.0f) / (float)(PERIPHERAL_BUS_CLOCK));
 192              		.loc 1 58 0
 193 0002 074A     		ldr	r2, .L8
 194 0004 8023     		mov	r3, #128
 195 0006 5800     		lsl	r0, r3, #1
 196 0008 1058     		ldr	r0, [r2, r0]
 197 000a FFF7FEFF 		bl	__aeabi_ui2f
 198              	.LVL5:
 199 000e 0549     		ldr	r1, .L8+4
 200 0010 FFF7FEFF 		bl	__aeabi_fmul
 201              	.LVL6:
 202 0014 0449     		ldr	r1, .L8+8
 203 0016 FFF7FEFF 		bl	__aeabi_fdiv
 204              	.LVL7:
 205 001a FFF7FEFF 		bl	__aeabi_f2uiz
 206              	.LVL8:
  59:../Sources/TFC/TFC_LineScanCamera.c **** }
 207              		.loc 1 59 0
 208              		@ sp needed for prologue
 209 001e 08BD     		pop	{r3, pc}
 210              	.L9:
 211              		.align	2
 212              	.L8:
 213 0020 00700340 		.word	1073967104
 214 0024 00247449 		.word	1232348160
 215 0028 001BB74B 		.word	1270291200
 216              		.cfi_endproc
 217              	.LFE2:
 219              		.global	LineScanImageReady
 220              		.comm	LineScanWorkingBuffer,1,1
 221              		.comm	LineScanImage1,4,4
 222              		.comm	LineScanImage1Buffer,512,4
 223              		.comm	LineScanImage1WorkingBuffer,4,4
 224              		.comm	LineScanImage0Buffer,512,4
 225              		.comm	LineScanImage0,4,4
 226              		.comm	LineScanImage0WorkingBuffer,4,4
 227              		.section	.bss.LineScanImageReady,"aw",%nobits
 230              	LineScanImageReady:
 231 0000 00       		.space	1
 232              		.text
 233              	.Letext0:
 234              		.file 2 "C:/Freescale/CW MCU v10.6/MCU/ARM_GCC_Support/ewl/EWL_C/include/cstdint"
 235              		.file 3 "C:/Users/bentr_000/Desktop/FRDM-TFC/Project_Headers/MKL25Z4.h"
DEFINED SYMBOLS
                            *ABS*:00000000 TFC_LineScanCamera.c
C:\Users\BENTR_~1\AppData\Local\Temp\ccGiqJ9c.s:18     .text.TFC_InitLineScanCamera:00000000 $t
C:\Users\BENTR_~1\AppData\Local\Temp\ccGiqJ9c.s:23     .text.TFC_InitLineScanCamera:00000000 TFC_InitLineScanCamera
C:\Users\BENTR_~1\AppData\Local\Temp\ccGiqJ9c.s:113    .text.TFC_InitLineScanCamera:0000005c $d
                            *COM*:00000001 LineScanWorkingBuffer
                            *COM*:00000200 LineScanImage1Buffer
                            *COM*:00000004 LineScanImage0WorkingBuffer
                            *COM*:00000200 LineScanImage0Buffer
                            *COM*:00000004 LineScanImage1WorkingBuffer
                            *COM*:00000004 LineScanImage0
                            *COM*:00000004 LineScanImage1
C:\Users\BENTR_~1\AppData\Local\Temp\ccGiqJ9c.s:134    .text.TFC_SetLineScanExposureTime:00000000 $t
C:\Users\BENTR_~1\AppData\Local\Temp\ccGiqJ9c.s:139    .text.TFC_SetLineScanExposureTime:00000000 TFC_SetLineScanExposureTime
C:\Users\BENTR_~1\AppData\Local\Temp\ccGiqJ9c.s:171    .text.TFC_SetLineScanExposureTime:00000020 $d
C:\Users\BENTR_~1\AppData\Local\Temp\ccGiqJ9c.s:178    .text.TFC_getLineScanExposureTime:00000000 $t
C:\Users\BENTR_~1\AppData\Local\Temp\ccGiqJ9c.s:183    .text.TFC_getLineScanExposureTime:00000000 TFC_getLineScanExposureTime
C:\Users\BENTR_~1\AppData\Local\Temp\ccGiqJ9c.s:213    .text.TFC_getLineScanExposureTime:00000020 $d
C:\Users\BENTR_~1\AppData\Local\Temp\ccGiqJ9c.s:230    .bss.LineScanImageReady:00000000 LineScanImageReady
C:\Users\BENTR_~1\AppData\Local\Temp\ccGiqJ9c.s:231    .bss.LineScanImageReady:00000000 $d
                     .debug_frame:00000010 $d

UNDEFINED SYMBOLS
__aeabi_ui2f
__aeabi_fdiv
__aeabi_fmul
__aeabi_f2uiz
