   1              		.cpu cortex-m0
   2              		.fpu softvfp
   3              		.eabi_attribute 20, 1
   4              		.eabi_attribute 21, 1
   5              		.eabi_attribute 23, 3
   6              		.eabi_attribute 24, 1
   7              		.eabi_attribute 25, 1
   8              		.eabi_attribute 26, 1
   9              		.eabi_attribute 30, 2
  10              		.eabi_attribute 34, 0
  11              		.eabi_attribute 18, 4
  12              		.code	16
  13              		.file	"TFC_Terminal.c"
  14              		.text
  15              	.Ltext0:
  16              		.cfi_sections	.debug_frame
  17              		.section	.text.TerminalCmd_GetLineScan,"ax",%progbits
  18              		.align	2
  19              		.global	TerminalCmd_GetLineScan
  20              		.code	16
  21              		.thumb_func
  23              	TerminalCmd_GetLineScan:
  24              	.LFB6:
  25              		.file 1 "../Sources/TFC/TFC_Terminal.c"
   1:../Sources/TFC/TFC_Terminal.c **** #include "TFC\TFC.h"
   2:../Sources/TFC/TFC_Terminal.c **** 
   3:../Sources/TFC/TFC_Terminal.c **** 
   4:../Sources/TFC/TFC_Terminal.c **** //*****************************************************************
   5:../Sources/TFC/TFC_Terminal.c **** //Terminal Configuration
   6:../Sources/TFC/TFC_Terminal.c **** //*****************************************************************
   7:../Sources/TFC/TFC_Terminal.c **** 
   8:../Sources/TFC/TFC_Terminal.c **** #define MAX_TERMINAL_LINE_CHARS 64
   9:../Sources/TFC/TFC_Terminal.c **** #define MAX_TERMINAL_CMD_CHARS  32
  10:../Sources/TFC/TFC_Terminal.c **** 
  11:../Sources/TFC/TFC_Terminal.c **** 
  12:../Sources/TFC/TFC_Terminal.c **** typedef void (*TerminalCallback)(char *);
  13:../Sources/TFC/TFC_Terminal.c **** 
  14:../Sources/TFC/TFC_Terminal.c **** 
  15:../Sources/TFC/TFC_Terminal.c **** typedef struct 
  16:../Sources/TFC/TFC_Terminal.c **** {
  17:../Sources/TFC/TFC_Terminal.c **** 	const char *CommandString;
  18:../Sources/TFC/TFC_Terminal.c **** 	TerminalCallback Callback;
  19:../Sources/TFC/TFC_Terminal.c **** 	const char *HelpString;
  20:../Sources/TFC/TFC_Terminal.c **** 		
  21:../Sources/TFC/TFC_Terminal.c **** } TerminalCallbackRecord;
  22:../Sources/TFC/TFC_Terminal.c **** 
  23:../Sources/TFC/TFC_Terminal.c **** //Callback function prototypes
  24:../Sources/TFC/TFC_Terminal.c **** void TerminalCmd_Help(char *arg);
  25:../Sources/TFC/TFC_Terminal.c **** void TerminalCmd_Reboot(char *arg);
  26:../Sources/TFC/TFC_Terminal.c **** void TerminalCmd_GetLineScan(char *arg);
  27:../Sources/TFC/TFC_Terminal.c **** void TerminalCmd_S(char *arg);
  28:../Sources/TFC/TFC_Terminal.c **** void TerminalCmd_H(char *arg);
  29:../Sources/TFC/TFC_Terminal.c **** void TerminalCmd_E(char *arg);
  30:../Sources/TFC/TFC_Terminal.c **** void TerminalCmd_D(char *arg);
  31:../Sources/TFC/TFC_Terminal.c **** //Populate this array with the callback functions and their terminal command string
  32:../Sources/TFC/TFC_Terminal.c **** TerminalCallbackRecord MyTerminalCallbackRecords[] ={	{"help",TerminalCmd_Help,"Lists available com
  33:../Sources/TFC/TFC_Terminal.c ****                                                         {"L",TerminalCmd_GetLineScan,"Displays line
  34:../Sources/TFC/TFC_Terminal.c ****                                                         {"S",TerminalCmd_S,"Commands the servos to 
  35:../Sources/TFC/TFC_Terminal.c ****                                                         {"H", TerminalCmd_H,"Commands the H-Bridges
  36:../Sources/TFC/TFC_Terminal.c **** 														{"E",TerminalCmd_E, "Enables the H-Bridges"},
  37:../Sources/TFC/TFC_Terminal.c **** 														{"D",TerminalCmd_D, "Disables the H-Bridges"},
  38:../Sources/TFC/TFC_Terminal.c ****                                                         };
  39:../Sources/TFC/TFC_Terminal.c **** 
  40:../Sources/TFC/TFC_Terminal.c **** //*****************************************************************
  41:../Sources/TFC/TFC_Terminal.c **** //Plumbing.....
  42:../Sources/TFC/TFC_Terminal.c **** //*****************************************************************
  43:../Sources/TFC/TFC_Terminal.c **** 
  44:../Sources/TFC/TFC_Terminal.c **** #define NUM_TERMINAL_COMMANDS  (sizeof(MyTerminalCallbackRecords)/sizeof(TerminalCallbackRecord))
  45:../Sources/TFC/TFC_Terminal.c **** 
  46:../Sources/TFC/TFC_Terminal.c **** char TerminalLineBuf[MAX_TERMINAL_LINE_CHARS];
  47:../Sources/TFC/TFC_Terminal.c **** uint8_t TerminalPos;
  48:../Sources/TFC/TFC_Terminal.c **** char TerminalCmdBuf[MAX_TERMINAL_CMD_CHARS+1];
  49:../Sources/TFC/TFC_Terminal.c **** char TerminalArgs[MAX_TERMINAL_LINE_CHARS-MAX_TERMINAL_CMD_CHARS];
  50:../Sources/TFC/TFC_Terminal.c **** uint8_t NextCharIn;
  51:../Sources/TFC/TFC_Terminal.c **** uint8_t CmdFound;
  52:../Sources/TFC/TFC_Terminal.c ****  
  53:../Sources/TFC/TFC_Terminal.c **** void TerminalBootMsg()
  54:../Sources/TFC/TFC_Terminal.c **** {
  55:../Sources/TFC/TFC_Terminal.c **** 
  56:../Sources/TFC/TFC_Terminal.c **** TERMINAL_PRINTF("\r\n\r\n"); 
  57:../Sources/TFC/TFC_Terminal.c **** TERMINAL_PRINTF("***********************************\r\n"); 
  58:../Sources/TFC/TFC_Terminal.c **** TERMINAL_PRINTF("FRDM-TFC		           \r\n");
  59:../Sources/TFC/TFC_Terminal.c **** TERMINAL_PRINTF("Copyright (C) <2013>  Eli Hughes\r\n");
  60:../Sources/TFC/TFC_Terminal.c **** TERMINAL_PRINTF("Wavenumber LLC\r\n"); 
  61:../Sources/TFC/TFC_Terminal.c **** TERMINAL_PRINTF("***********************************\r\n\r\n>"); 
  62:../Sources/TFC/TFC_Terminal.c **** 
  63:../Sources/TFC/TFC_Terminal.c **** }
  64:../Sources/TFC/TFC_Terminal.c **** 
  65:../Sources/TFC/TFC_Terminal.c **** void TFC_InitTerminal()
  66:../Sources/TFC/TFC_Terminal.c **** {
  67:../Sources/TFC/TFC_Terminal.c **** 	TerminalPos = 0;
  68:../Sources/TFC/TFC_Terminal.c **** 	CmdFound = 0;
  69:../Sources/TFC/TFC_Terminal.c ****     TerminalBootMsg();
  70:../Sources/TFC/TFC_Terminal.c **** }
  71:../Sources/TFC/TFC_Terminal.c **** 
  72:../Sources/TFC/TFC_Terminal.c **** void TerminalCmd_Help(char *arg)
  73:../Sources/TFC/TFC_Terminal.c **** {
  74:../Sources/TFC/TFC_Terminal.c ****     uint8_t i;
  75:../Sources/TFC/TFC_Terminal.c **** 
  76:../Sources/TFC/TFC_Terminal.c ****     TERMINAL_PRINTF("\r\n\r\nCommand List:\r\n");
  77:../Sources/TFC/TFC_Terminal.c ****     TERMINAL_PRINTF("----------------------\r\n");
  78:../Sources/TFC/TFC_Terminal.c **** 
  79:../Sources/TFC/TFC_Terminal.c ****     for(i=0;i<NUM_TERMINAL_COMMANDS;i++)
  80:../Sources/TFC/TFC_Terminal.c ****     {
  81:../Sources/TFC/TFC_Terminal.c ****          TERMINAL_PRINTF("%s  ---->  %s\r\n",MyTerminalCallbackRecords[i].CommandString,MyTerminalC
  82:../Sources/TFC/TFC_Terminal.c ****     }
  83:../Sources/TFC/TFC_Terminal.c **** 
  84:../Sources/TFC/TFC_Terminal.c ****     TERMINAL_PRINTF("\r\n\r\n");
  85:../Sources/TFC/TFC_Terminal.c **** }
  86:../Sources/TFC/TFC_Terminal.c **** 
  87:../Sources/TFC/TFC_Terminal.c **** void TerminalCmd_Reboot(char *arg)
  88:../Sources/TFC/TFC_Terminal.c **** {
  89:../Sources/TFC/TFC_Terminal.c ****       TerminalBootMsg();
  90:../Sources/TFC/TFC_Terminal.c **** }
  91:../Sources/TFC/TFC_Terminal.c **** 
  92:../Sources/TFC/TFC_Terminal.c **** 
  93:../Sources/TFC/TFC_Terminal.c **** 
  94:../Sources/TFC/TFC_Terminal.c **** void TerminalCmd_E(char *arg)
  95:../Sources/TFC/TFC_Terminal.c **** {
  96:../Sources/TFC/TFC_Terminal.c **** 	 TERMINAL_PRINTF("\t\r\nEnabling H-Bridges\r\n");
  97:../Sources/TFC/TFC_Terminal.c **** 	 TFC_HBRIDGE_ENABLE;
  98:../Sources/TFC/TFC_Terminal.c **** }
  99:../Sources/TFC/TFC_Terminal.c **** 
 100:../Sources/TFC/TFC_Terminal.c **** void TerminalCmd_D(char *arg)
 101:../Sources/TFC/TFC_Terminal.c **** {
 102:../Sources/TFC/TFC_Terminal.c **** 	 TERMINAL_PRINTF("\t\r\nDisabling H-Bridges\r\n");
 103:../Sources/TFC/TFC_Terminal.c **** 	 TFC_HBRIDGE_DISABLE;
 104:../Sources/TFC/TFC_Terminal.c **** 	 TFC_SetMotorPWM(0,0);
 105:../Sources/TFC/TFC_Terminal.c **** }
 106:../Sources/TFC/TFC_Terminal.c **** 
 107:../Sources/TFC/TFC_Terminal.c **** void TerminalCmd_GetLineScan(char *arg)
 108:../Sources/TFC/TFC_Terminal.c **** {
  26              		.loc 1 108 0
  27              		.cfi_startproc
  28              	.LVL0:
  29 0000 F8B5     		push	{r3, r4, r5, r6, r7, lr}
  30              	.LCFI0:
  31              		.cfi_def_cfa_offset 24
  32              		.cfi_offset 3, -24
  33              		.cfi_offset 4, -20
  34              		.cfi_offset 5, -16
  35              		.cfi_offset 6, -12
  36              		.cfi_offset 7, -8
  37              		.cfi_offset 14, -4
 109:../Sources/TFC/TFC_Terminal.c **** 	uint8_t i;
 110:../Sources/TFC/TFC_Terminal.c **** 	
 111:../Sources/TFC/TFC_Terminal.c **** 	TERMINAL_PRINTF("\r\nLINE 0:");
  38              		.loc 1 111 0
  39 0002 204D     		ldr	r5, .L14
 108:../Sources/TFC/TFC_Terminal.c **** {
  40              		.loc 1 108 0
  41 0004 4F46     		mov	r7, r9
  42 0006 4646     		mov	r6, r8
  43 0008 C0B4     		push	{r6, r7}
  44              	.LCFI1:
  45              		.cfi_def_cfa_offset 32
  46              		.cfi_offset 8, -32
  47              		.cfi_offset 9, -28
  48              		.loc 1 111 0
  49 000a 281C     		mov	r0, r5
  50              	.LVL1:
  51 000c 1E49     		ldr	r1, .L14+4
  52 000e FFF7FEFF 		bl	Qprintf
  53              	.LVL2:
 112:../Sources/TFC/TFC_Terminal.c **** 	
 113:../Sources/TFC/TFC_Terminal.c **** 	for(i=0;i<128;i++)
 114:../Sources/TFC/TFC_Terminal.c **** 	{
 115:../Sources/TFC/TFC_Terminal.c **** 		
 116:../Sources/TFC/TFC_Terminal.c **** 		TERMINAL_PRINTF("%2X",LineScanImage0[i]);
 117:../Sources/TFC/TFC_Terminal.c **** 		
 118:../Sources/TFC/TFC_Terminal.c **** 		if(i<127)
 119:../Sources/TFC/TFC_Terminal.c **** 			TERMINAL_PRINTF(",");
 120:../Sources/TFC/TFC_Terminal.c **** 		else
 121:../Sources/TFC/TFC_Terminal.c **** 			TERMINAL_PRINTF("\r\n\r\n");
  54              		.loc 1 121 0
  55 0012 1E4A     		ldr	r2, .L14+8
 119:../Sources/TFC/TFC_Terminal.c **** 			TERMINAL_PRINTF(",");
  56              		.loc 1 119 0
  57 0014 1E4B     		ldr	r3, .L14+12
 111:../Sources/TFC/TFC_Terminal.c **** 	TERMINAL_PRINTF("\r\nLINE 0:");
  58              		.loc 1 111 0
  59 0016 0024     		mov	r4, #0
  60 0018 1E4F     		ldr	r7, .L14+16
  61 001a 1F4E     		ldr	r6, .L14+20
  62              		.loc 1 121 0
  63 001c 9146     		mov	r9, r2
 119:../Sources/TFC/TFC_Terminal.c **** 			TERMINAL_PRINTF(",");
  64              		.loc 1 119 0
  65 001e 9846     		mov	r8, r3
  66 0020 15E0     		b	.L4
  67              	.LVL3:
  68              	.L13:
  69 0022 4146     		mov	r1, r8
  70 0024 FFF7FEFF 		bl	Qprintf
  71              	.LVL4:
  72              	.L3:
 116:../Sources/TFC/TFC_Terminal.c **** 		TERMINAL_PRINTF("%2X",LineScanImage0[i]);
  73              		.loc 1 116 0
  74 0028 3968     		ldr	r1, [r7]
  75 002a 0134     		add	r4, r4, #1
  76 002c 6000     		lsl	r0, r4, #1
  77 002e 0A18     		add	r2, r1, r0
  78 0030 1288     		ldrh	r2, [r2]
  79 0032 281C     		mov	r0, r5
  80 0034 311C     		mov	r1, r6
  81 0036 FFF7FEFF 		bl	Qprintf
  82              	.LVL5:
 118:../Sources/TFC/TFC_Terminal.c **** 		if(i<127)
  83              		.loc 1 118 0
  84 003a E3B2     		uxtb	r3, r4
  85 003c 7F2B     		cmp	r3, #127
  86 003e 16D0     		beq	.L6
 119:../Sources/TFC/TFC_Terminal.c **** 			TERMINAL_PRINTF(",");
  87              		.loc 1 119 0
  88 0040 281C     		mov	r0, r5
  89 0042 4146     		mov	r1, r8
  90 0044 0134     		add	r4, r4, #1
  91 0046 FFF7FEFF 		bl	Qprintf
  92              	.LVL6:
 113:../Sources/TFC/TFC_Terminal.c **** 	for(i=0;i<128;i++)
  93              		.loc 1 113 0
  94 004a 802C     		cmp	r4, #128
  95 004c 16D0     		beq	.L12
  96              	.L4:
 116:../Sources/TFC/TFC_Terminal.c **** 		TERMINAL_PRINTF("%2X",LineScanImage0[i]);
  97              		.loc 1 116 0
  98 004e 3968     		ldr	r1, [r7]
  99 0050 6000     		lsl	r0, r4, #1
 100 0052 0A18     		add	r2, r1, r0
 101 0054 1288     		ldrh	r2, [r2]
 102 0056 281C     		mov	r0, r5
 103 0058 311C     		mov	r1, r6
 104 005a FFF7FEFF 		bl	Qprintf
 105              	.LVL7:
 118:../Sources/TFC/TFC_Terminal.c **** 		if(i<127)
 106              		.loc 1 118 0
 107 005e E3B2     		uxtb	r3, r4
 119:../Sources/TFC/TFC_Terminal.c **** 			TERMINAL_PRINTF(",");
 108              		.loc 1 119 0
 109 0060 281C     		mov	r0, r5
 118:../Sources/TFC/TFC_Terminal.c **** 		if(i<127)
 110              		.loc 1 118 0
 111 0062 7F2B     		cmp	r3, #127
 112 0064 DDD1     		bne	.L13
 113              		.loc 1 121 0
 114 0066 4946     		mov	r1, r9
 115 0068 FFF7FEFF 		bl	Qprintf
 116              	.LVL8:
 117 006c DCE7     		b	.L3
 118              	.L6:
 119 006e 281C     		mov	r0, r5
 120 0070 4946     		mov	r1, r9
 121 0072 0134     		add	r4, r4, #1
 122 0074 FFF7FEFF 		bl	Qprintf
 123              	.LVL9:
 113:../Sources/TFC/TFC_Terminal.c **** 	for(i=0;i<128;i++)
 124              		.loc 1 113 0
 125 0078 802C     		cmp	r4, #128
 126 007a E8D1     		bne	.L4
 127              	.L12:
 122:../Sources/TFC/TFC_Terminal.c **** 	}
 123:../Sources/TFC/TFC_Terminal.c **** 
 124:../Sources/TFC/TFC_Terminal.c **** }
 128              		.loc 1 124 0
 129              		@ sp needed for prologue
 130 007c 0CBC     		pop	{r2, r3}
 131 007e 9046     		mov	r8, r2
 132 0080 9946     		mov	r9, r3
 133 0082 F8BD     		pop	{r3, r4, r5, r6, r7, pc}
 134              	.L15:
 135              		.align	2
 136              	.L14:
 137 0084 00000000 		.word	SDA_SERIAL_OUTGOING_QUEUE
 138 0088 00000000 		.word	.LC1
 139 008c 14000000 		.word	.LC8
 140 0090 10000000 		.word	.LC6
 141 0094 00000000 		.word	LineScanImage0
 142 0098 0C000000 		.word	.LC4
 143              		.cfi_endproc
 144              	.LFE6:
 146              		.section	.text.TerminalCmd_E,"ax",%progbits
 147              		.align	2
 148              		.global	TerminalCmd_E
 149              		.code	16
 150              		.thumb_func
 152              	TerminalCmd_E:
 153              	.LFB4:
  95:../Sources/TFC/TFC_Terminal.c **** {
 154              		.loc 1 95 0
 155              		.cfi_startproc
 156              	.LVL10:
 157 0000 08B5     		push	{r3, lr}
 158              	.LCFI2:
 159              		.cfi_def_cfa_offset 8
 160              		.cfi_offset 3, -8
 161              		.cfi_offset 14, -4
  96:../Sources/TFC/TFC_Terminal.c **** 	 TERMINAL_PRINTF("\t\r\nEnabling H-Bridges\r\n");
 162              		.loc 1 96 0
 163 0002 0448     		ldr	r0, .L17
 164              	.LVL11:
 165 0004 0449     		ldr	r1, .L17+4
 166 0006 FFF7FEFF 		bl	Qprintf
 167              	.LVL12:
  97:../Sources/TFC/TFC_Terminal.c **** 	 TFC_HBRIDGE_ENABLE;
 168              		.loc 1 97 0
 169 000a 8022     		mov	r2, #128
 170 000c 034B     		ldr	r3, .L17+8
 171 000e 9003     		lsl	r0, r2, #14
 172 0010 5860     		str	r0, [r3, #4]
  98:../Sources/TFC/TFC_Terminal.c **** }
 173              		.loc 1 98 0
 174              		@ sp needed for prologue
 175 0012 08BD     		pop	{r3, pc}
 176              	.L18:
 177              		.align	2
 178              	.L17:
 179 0014 00000000 		.word	SDA_SERIAL_OUTGOING_QUEUE
 180 0018 1C000000 		.word	.LC11
 181 001c 00F10F40 		.word	1074786560
 182              		.cfi_endproc
 183              	.LFE4:
 185              		.section	.text.TerminalCmd_Help,"ax",%progbits
 186              		.align	2
 187              		.global	TerminalCmd_Help
 188              		.code	16
 189              		.thumb_func
 191              	TerminalCmd_Help:
 192              	.LFB2:
  73:../Sources/TFC/TFC_Terminal.c **** {
 193              		.loc 1 73 0
 194              		.cfi_startproc
 195              	.LVL13:
 196 0000 70B5     		push	{r4, r5, r6, lr}
 197              	.LCFI3:
 198              		.cfi_def_cfa_offset 16
 199              		.cfi_offset 4, -16
 200              		.cfi_offset 5, -12
 201              		.cfi_offset 6, -8
 202              		.cfi_offset 14, -4
  76:../Sources/TFC/TFC_Terminal.c ****     TERMINAL_PRINTF("\r\n\r\nCommand List:\r\n");
 203              		.loc 1 76 0
 204 0002 1A4D     		ldr	r5, .L20
 205 0004 1A49     		ldr	r1, .L20+4
 206 0006 281C     		mov	r0, r5
 207              	.LVL14:
 208 0008 FFF7FEFF 		bl	Qprintf
 209              	.LVL15:
  77:../Sources/TFC/TFC_Terminal.c ****     TERMINAL_PRINTF("----------------------\r\n");
 210              		.loc 1 77 0
 211 000c 281C     		mov	r0, r5
 212 000e 1949     		ldr	r1, .L20+8
 213 0010 FFF7FEFF 		bl	Qprintf
 214              	.LVL16:
  81:../Sources/TFC/TFC_Terminal.c ****          TERMINAL_PRINTF("%s  ---->  %s\r\n",MyTerminalCallbackRecords[i].CommandString,MyTerminalC
 215              		.loc 1 81 0
 216 0014 184C     		ldr	r4, .L20+12
 217 0016 194E     		ldr	r6, .L20+16
 218 0018 281C     		mov	r0, r5
 219 001a 311C     		mov	r1, r6
 220 001c 2268     		ldr	r2, [r4]
 221 001e A368     		ldr	r3, [r4, #8]
 222 0020 FFF7FEFF 		bl	Qprintf
 223              	.LVL17:
 224 0024 311C     		mov	r1, r6
 225 0026 281C     		mov	r0, r5
 226 0028 E268     		ldr	r2, [r4, #12]
 227 002a 6369     		ldr	r3, [r4, #20]
 228 002c FFF7FEFF 		bl	Qprintf
 229              	.LVL18:
 230 0030 311C     		mov	r1, r6
 231 0032 281C     		mov	r0, r5
 232 0034 A269     		ldr	r2, [r4, #24]
 233 0036 236A     		ldr	r3, [r4, #32]
 234 0038 FFF7FEFF 		bl	Qprintf
 235              	.LVL19:
 236 003c 311C     		mov	r1, r6
 237 003e 281C     		mov	r0, r5
 238 0040 626A     		ldr	r2, [r4, #36]
 239 0042 E36A     		ldr	r3, [r4, #44]
 240 0044 FFF7FEFF 		bl	Qprintf
 241              	.LVL20:
 242 0048 311C     		mov	r1, r6
 243 004a 281C     		mov	r0, r5
 244 004c 226B     		ldr	r2, [r4, #48]
 245 004e A36B     		ldr	r3, [r4, #56]
 246 0050 FFF7FEFF 		bl	Qprintf
 247              	.LVL21:
 248 0054 311C     		mov	r1, r6
 249 0056 E26B     		ldr	r2, [r4, #60]
 250 0058 636C     		ldr	r3, [r4, #68]
 251 005a 281C     		mov	r0, r5
 252 005c FFF7FEFF 		bl	Qprintf
 253              	.LVL22:
  84:../Sources/TFC/TFC_Terminal.c ****     TERMINAL_PRINTF("\r\n\r\n");
 254              		.loc 1 84 0
 255 0060 281C     		mov	r0, r5
 256 0062 0749     		ldr	r1, .L20+20
 257 0064 FFF7FEFF 		bl	Qprintf
 258              	.LVL23:
  85:../Sources/TFC/TFC_Terminal.c **** }
 259              		.loc 1 85 0
 260              		@ sp needed for prologue
 261 0068 70BD     		pop	{r4, r5, r6, pc}
 262              	.L21:
 263 006a C046     		.align	2
 264              	.L20:
 265 006c 00000000 		.word	SDA_SERIAL_OUTGOING_QUEUE
 266 0070 34000000 		.word	.LC14
 267 0074 48000000 		.word	.LC16
 268 0078 00000000 		.word	.LANCHOR0
 269 007c 64000000 		.word	.LC18
 270 0080 14000000 		.word	.LC8
 271              		.cfi_endproc
 272              	.LFE2:
 274              		.global	__aeabi_i2f
 275              		.global	__aeabi_fdiv
 276              		.section	.text.TerminalCmd_H,"ax",%progbits
 277              		.align	2
 278              		.global	TerminalCmd_H
 279              		.code	16
 280              		.thumb_func
 282              	TerminalCmd_H:
 283              	.LFB8:
 125:../Sources/TFC/TFC_Terminal.c **** 
 126:../Sources/TFC/TFC_Terminal.c **** 
 127:../Sources/TFC/TFC_Terminal.c **** void TerminalCmd_S(char *arg)
 128:../Sources/TFC/TFC_Terminal.c **** {
 129:../Sources/TFC/TFC_Terminal.c **** 	int ServoSetting[2] = {0,0};
 130:../Sources/TFC/TFC_Terminal.c **** 
 131:../Sources/TFC/TFC_Terminal.c **** 	if(sscanf(arg,"%d,%d",&ServoSetting[0],&ServoSetting[1]) == 2)
 132:../Sources/TFC/TFC_Terminal.c **** 	{
 133:../Sources/TFC/TFC_Terminal.c **** 	
 134:../Sources/TFC/TFC_Terminal.c **** 	TERMINAL_PRINTF("Setting Servos to %d , %d\r\n",ServoSetting[0],ServoSetting[1]);
 135:../Sources/TFC/TFC_Terminal.c **** 	
 136:../Sources/TFC/TFC_Terminal.c **** 	TFC_SetServo(0,(float)ServoSetting[0]/100.0f); //Rescale to -1.0 to 1.0
 137:../Sources/TFC/TFC_Terminal.c **** 	TFC_SetServo(1,(float)ServoSetting[1]/100.0f);
 138:../Sources/TFC/TFC_Terminal.c **** 	}
 139:../Sources/TFC/TFC_Terminal.c **** 	else
 140:../Sources/TFC/TFC_Terminal.c **** 	{
 141:../Sources/TFC/TFC_Terminal.c **** 		TERMINAL_PRINTF("Invalid servo control string. There must be 2 command separated arguments betwee
 142:../Sources/TFC/TFC_Terminal.c **** 	}
 143:../Sources/TFC/TFC_Terminal.c **** 	
 144:../Sources/TFC/TFC_Terminal.c **** }
 145:../Sources/TFC/TFC_Terminal.c **** 
 146:../Sources/TFC/TFC_Terminal.c **** void TerminalCmd_H(char *arg)
 147:../Sources/TFC/TFC_Terminal.c **** {
 284              		.loc 1 147 0
 285              		.cfi_startproc
 286              	.LVL24:
 287 0000 10B5     		push	{r4, lr}
 288              	.LCFI4:
 289              		.cfi_def_cfa_offset 8
 290              		.cfi_offset 4, -8
 291              		.cfi_offset 14, -4
 148:../Sources/TFC/TFC_Terminal.c **** 
 149:../Sources/TFC/TFC_Terminal.c **** 	int MotorSetting[2] = {0,0};
 292              		.loc 1 149 0
 293 0002 0023     		mov	r3, #0
 147:../Sources/TFC/TFC_Terminal.c **** {
 294              		.loc 1 147 0
 295 0004 82B0     		sub	sp, sp, #8
 296              	.LCFI5:
 297              		.cfi_def_cfa_offset 16
 298              		.loc 1 149 0
 299 0006 0093     		str	r3, [sp]
 300 0008 0193     		str	r3, [sp, #4]
 150:../Sources/TFC/TFC_Terminal.c **** 
 151:../Sources/TFC/TFC_Terminal.c **** 	if(sscanf(arg,"%d,%d",&MotorSetting[0],&MotorSetting[1]) == 2)
 301              		.loc 1 151 0
 302 000a 1249     		ldr	r1, .L26
 303 000c 6A46     		mov	r2, sp
 304 000e 01AB     		add	r3, sp, #4
 305 0010 FFF7FEFF 		bl	sscanf
 306              	.LVL25:
 307 0014 0228     		cmp	r0, #2
 308 0016 05D0     		beq	.L25
 152:../Sources/TFC/TFC_Terminal.c **** 	{
 153:../Sources/TFC/TFC_Terminal.c **** 	
 154:../Sources/TFC/TFC_Terminal.c **** 	TERMINAL_PRINTF("Setting motor effort to to %d , %d\r\n",MotorSetting[0],MotorSetting[1]);
 155:../Sources/TFC/TFC_Terminal.c **** 	
 156:../Sources/TFC/TFC_Terminal.c **** 	TFC_SetMotorPWM((float)MotorSetting[0]/100.0f,(float)MotorSetting[1]/100.0f);
 157:../Sources/TFC/TFC_Terminal.c **** 
 158:../Sources/TFC/TFC_Terminal.c **** 
 159:../Sources/TFC/TFC_Terminal.c **** 	}
 160:../Sources/TFC/TFC_Terminal.c **** 	else
 161:../Sources/TFC/TFC_Terminal.c **** 	{
 162:../Sources/TFC/TFC_Terminal.c **** 		TERMINAL_PRINTF("Invalid motor control string. There must be 2 command separated arguments betwee
 309              		.loc 1 162 0
 310 0018 0F48     		ldr	r0, .L26+4
 311 001a 1049     		ldr	r1, .L26+8
 312 001c FFF7FEFF 		bl	Qprintf
 313              	.LVL26:
 314              	.L22:
 163:../Sources/TFC/TFC_Terminal.c **** 	}
 164:../Sources/TFC/TFC_Terminal.c **** 	
 165:../Sources/TFC/TFC_Terminal.c **** }
 315              		.loc 1 165 0
 316 0020 02B0     		add	sp, sp, #8
 317              		@ sp needed for prologue
 318 0022 10BD     		pop	{r4, pc}
 319              	.L25:
 154:../Sources/TFC/TFC_Terminal.c **** 	TERMINAL_PRINTF("Setting motor effort to to %d , %d\r\n",MotorSetting[0],MotorSetting[1]);
 320              		.loc 1 154 0
 321 0024 009A     		ldr	r2, [sp]
 322 0026 019B     		ldr	r3, [sp, #4]
 323 0028 0D49     		ldr	r1, .L26+12
 324 002a 0B48     		ldr	r0, .L26+4
 325 002c FFF7FEFF 		bl	Qprintf
 326              	.LVL27:
 156:../Sources/TFC/TFC_Terminal.c **** 	TFC_SetMotorPWM((float)MotorSetting[0]/100.0f,(float)MotorSetting[1]/100.0f);
 327              		.loc 1 156 0
 328 0030 0098     		ldr	r0, [sp]
 329 0032 FFF7FEFF 		bl	__aeabi_i2f
 330              	.LVL28:
 331 0036 0B49     		ldr	r1, .L26+16
 332 0038 FFF7FEFF 		bl	__aeabi_fdiv
 333              	.LVL29:
 334 003c 041C     		add	r4, r0, #0
 335 003e 0198     		ldr	r0, [sp, #4]
 336 0040 FFF7FEFF 		bl	__aeabi_i2f
 337              	.LVL30:
 338 0044 0749     		ldr	r1, .L26+16
 339 0046 FFF7FEFF 		bl	__aeabi_fdiv
 340              	.LVL31:
 341 004a 011C     		add	r1, r0, #0
 342 004c 201C     		add	r0, r4, #0
 343 004e FFF7FEFF 		bl	TFC_SetMotorPWM
 344              	.LVL32:
 345 0052 E5E7     		b	.L22
 346              	.L27:
 347              		.align	2
 348              	.L26:
 349 0054 74000000 		.word	.LC22
 350 0058 00000000 		.word	SDA_SERIAL_OUTGOING_QUEUE
 351 005c A4000000 		.word	.LC27
 352 0060 7C000000 		.word	.LC25
 353 0064 0000C842 		.word	1120403456
 354              		.cfi_endproc
 355              	.LFE8:
 357              		.section	.text.TerminalCmd_D,"ax",%progbits
 358              		.align	2
 359              		.global	TerminalCmd_D
 360              		.code	16
 361              		.thumb_func
 363              	TerminalCmd_D:
 364              	.LFB5:
 101:../Sources/TFC/TFC_Terminal.c **** {
 365              		.loc 1 101 0
 366              		.cfi_startproc
 367              	.LVL33:
 368 0000 08B5     		push	{r3, lr}
 369              	.LCFI6:
 370              		.cfi_def_cfa_offset 8
 371              		.cfi_offset 3, -8
 372              		.cfi_offset 14, -4
 102:../Sources/TFC/TFC_Terminal.c **** 	 TERMINAL_PRINTF("\t\r\nDisabling H-Bridges\r\n");
 373              		.loc 1 102 0
 374 0002 0649     		ldr	r1, .L29
 375 0004 0648     		ldr	r0, .L29+4
 376              	.LVL34:
 377 0006 FFF7FEFF 		bl	Qprintf
 378              	.LVL35:
 103:../Sources/TFC/TFC_Terminal.c **** 	 TFC_HBRIDGE_DISABLE;
 379              		.loc 1 103 0
 380 000a 8022     		mov	r2, #128
 381 000c 054B     		ldr	r3, .L29+8
 382 000e 9003     		lsl	r0, r2, #14
 104:../Sources/TFC/TFC_Terminal.c **** 	 TFC_SetMotorPWM(0,0);
 383              		.loc 1 104 0
 384 0010 0021     		mov	r1, #0
 103:../Sources/TFC/TFC_Terminal.c **** 	 TFC_HBRIDGE_DISABLE;
 385              		.loc 1 103 0
 386 0012 9860     		str	r0, [r3, #8]
 104:../Sources/TFC/TFC_Terminal.c **** 	 TFC_SetMotorPWM(0,0);
 387              		.loc 1 104 0
 388 0014 081C     		add	r0, r1, #0
 389 0016 FFF7FEFF 		bl	TFC_SetMotorPWM
 390              	.LVL36:
 105:../Sources/TFC/TFC_Terminal.c **** }
 391              		.loc 1 105 0
 392              		@ sp needed for prologue
 393 001a 08BD     		pop	{r3, pc}
 394              	.L30:
 395              		.align	2
 396              	.L29:
 397 001c 14010000 		.word	.LC30
 398 0020 00000000 		.word	SDA_SERIAL_OUTGOING_QUEUE
 399 0024 00F10F40 		.word	1074786560
 400              		.cfi_endproc
 401              	.LFE5:
 403              		.section	.text.TerminalCmd_S,"ax",%progbits
 404              		.align	2
 405              		.global	TerminalCmd_S
 406              		.code	16
 407              		.thumb_func
 409              	TerminalCmd_S:
 410              	.LFB7:
 128:../Sources/TFC/TFC_Terminal.c **** {
 411              		.loc 1 128 0
 412              		.cfi_startproc
 413              	.LVL37:
 414 0000 00B5     		push	{lr}
 415              	.LCFI7:
 416              		.cfi_def_cfa_offset 4
 417              		.cfi_offset 14, -4
 129:../Sources/TFC/TFC_Terminal.c **** 	int ServoSetting[2] = {0,0};
 418              		.loc 1 129 0
 419 0002 0023     		mov	r3, #0
 128:../Sources/TFC/TFC_Terminal.c **** {
 420              		.loc 1 128 0
 421 0004 83B0     		sub	sp, sp, #12
 422              	.LCFI8:
 423              		.cfi_def_cfa_offset 16
 129:../Sources/TFC/TFC_Terminal.c **** 	int ServoSetting[2] = {0,0};
 424              		.loc 1 129 0
 425 0006 0093     		str	r3, [sp]
 426 0008 0193     		str	r3, [sp, #4]
 131:../Sources/TFC/TFC_Terminal.c **** 	if(sscanf(arg,"%d,%d",&ServoSetting[0],&ServoSetting[1]) == 2)
 427              		.loc 1 131 0
 428 000a 1449     		ldr	r1, .L35
 429 000c 6A46     		mov	r2, sp
 430 000e 01AB     		add	r3, sp, #4
 431 0010 FFF7FEFF 		bl	sscanf
 432              	.LVL38:
 433 0014 0228     		cmp	r0, #2
 434 0016 05D0     		beq	.L34
 141:../Sources/TFC/TFC_Terminal.c **** 		TERMINAL_PRINTF("Invalid servo control string. There must be 2 command separated arguments betwee
 435              		.loc 1 141 0
 436 0018 1148     		ldr	r0, .L35+4
 437 001a 1249     		ldr	r1, .L35+8
 438 001c FFF7FEFF 		bl	Qprintf
 439              	.LVL39:
 440              	.L31:
 144:../Sources/TFC/TFC_Terminal.c **** }
 441              		.loc 1 144 0
 442 0020 03B0     		add	sp, sp, #12
 443              		@ sp needed for prologue
 444 0022 00BD     		pop	{pc}
 445              	.L34:
 134:../Sources/TFC/TFC_Terminal.c **** 	TERMINAL_PRINTF("Setting Servos to %d , %d\r\n",ServoSetting[0],ServoSetting[1]);
 446              		.loc 1 134 0
 447 0024 009A     		ldr	r2, [sp]
 448 0026 019B     		ldr	r3, [sp, #4]
 449 0028 0F49     		ldr	r1, .L35+12
 450 002a 0D48     		ldr	r0, .L35+4
 451 002c FFF7FEFF 		bl	Qprintf
 452              	.LVL40:
 136:../Sources/TFC/TFC_Terminal.c **** 	TFC_SetServo(0,(float)ServoSetting[0]/100.0f); //Rescale to -1.0 to 1.0
 453              		.loc 1 136 0
 454 0030 0098     		ldr	r0, [sp]
 455 0032 FFF7FEFF 		bl	__aeabi_i2f
 456              	.LVL41:
 457 0036 0D49     		ldr	r1, .L35+16
 458 0038 FFF7FEFF 		bl	__aeabi_fdiv
 459              	.LVL42:
 460 003c 011C     		add	r1, r0, #0
 461 003e 0020     		mov	r0, #0
 462 0040 FFF7FEFF 		bl	TFC_SetServo
 463              	.LVL43:
 137:../Sources/TFC/TFC_Terminal.c **** 	TFC_SetServo(1,(float)ServoSetting[1]/100.0f);
 464              		.loc 1 137 0
 465 0044 0198     		ldr	r0, [sp, #4]
 466 0046 FFF7FEFF 		bl	__aeabi_i2f
 467              	.LVL44:
 468 004a 0849     		ldr	r1, .L35+16
 469 004c FFF7FEFF 		bl	__aeabi_fdiv
 470              	.LVL45:
 471 0050 011C     		add	r1, r0, #0
 472 0052 0120     		mov	r0, #1
 473 0054 FFF7FEFF 		bl	TFC_SetServo
 474              	.LVL46:
 475 0058 E2E7     		b	.L31
 476              	.L36:
 477 005a C046     		.align	2
 478              	.L35:
 479 005c 74000000 		.word	.LC22
 480 0060 00000000 		.word	SDA_SERIAL_OUTGOING_QUEUE
 481 0064 4C010000 		.word	.LC36
 482 0068 30010000 		.word	.LC34
 483 006c 0000C842 		.word	1120403456
 484              		.cfi_endproc
 485              	.LFE7:
 487              		.section	.text.TerminalBootMsg,"ax",%progbits
 488              		.align	2
 489              		.global	TerminalBootMsg
 490              		.code	16
 491              		.thumb_func
 493              	TerminalBootMsg:
 494              	.LFB0:
  54:../Sources/TFC/TFC_Terminal.c **** {
 495              		.loc 1 54 0
 496              		.cfi_startproc
 497 0000 10B5     		push	{r4, lr}
 498              	.LCFI9:
 499              		.cfi_def_cfa_offset 8
 500              		.cfi_offset 4, -8
 501              		.cfi_offset 14, -4
  56:../Sources/TFC/TFC_Terminal.c **** TERMINAL_PRINTF("\r\n\r\n"); 
 502              		.loc 1 56 0
 503 0002 0D4C     		ldr	r4, .L38
 504 0004 0D49     		ldr	r1, .L38+4
 505 0006 201C     		mov	r0, r4
 506 0008 FFF7FEFF 		bl	Qprintf
 507              	.LVL47:
  57:../Sources/TFC/TFC_Terminal.c **** TERMINAL_PRINTF("***********************************\r\n"); 
 508              		.loc 1 57 0
 509 000c 201C     		mov	r0, r4
 510 000e 0C49     		ldr	r1, .L38+8
 511 0010 FFF7FEFF 		bl	Qprintf
 512              	.LVL48:
  58:../Sources/TFC/TFC_Terminal.c **** TERMINAL_PRINTF("FRDM-TFC		           \r\n");
 513              		.loc 1 58 0
 514 0014 201C     		mov	r0, r4
 515 0016 0B49     		ldr	r1, .L38+12
 516 0018 FFF7FEFF 		bl	Qprintf
 517              	.LVL49:
  59:../Sources/TFC/TFC_Terminal.c **** TERMINAL_PRINTF("Copyright (C) <2013>  Eli Hughes\r\n");
 518              		.loc 1 59 0
 519 001c 201C     		mov	r0, r4
 520 001e 0A49     		ldr	r1, .L38+16
 521 0020 FFF7FEFF 		bl	Qprintf
 522              	.LVL50:
  60:../Sources/TFC/TFC_Terminal.c **** TERMINAL_PRINTF("Wavenumber LLC\r\n"); 
 523              		.loc 1 60 0
 524 0024 201C     		mov	r0, r4
 525 0026 0949     		ldr	r1, .L38+20
 526 0028 FFF7FEFF 		bl	Qprintf
 527              	.LVL51:
  61:../Sources/TFC/TFC_Terminal.c **** TERMINAL_PRINTF("***********************************\r\n\r\n>"); 
 528              		.loc 1 61 0
 529 002c 201C     		mov	r0, r4
 530 002e 0849     		ldr	r1, .L38+24
 531 0030 FFF7FEFF 		bl	Qprintf
 532              	.LVL52:
  63:../Sources/TFC/TFC_Terminal.c **** }
 533              		.loc 1 63 0
 534              		@ sp needed for prologue
 535 0034 10BD     		pop	{r4, pc}
 536              	.L39:
 537 0036 C046     		.align	2
 538              	.L38:
 539 0038 00000000 		.word	SDA_SERIAL_OUTGOING_QUEUE
 540 003c 14000000 		.word	.LC8
 541 0040 BC010000 		.word	.LC40
 542 0044 E4010000 		.word	.LC42
 543 0048 FC010000 		.word	.LC44
 544 004c 20020000 		.word	.LC46
 545 0050 34020000 		.word	.LC48
 546              		.cfi_endproc
 547              	.LFE0:
 549              		.section	.text.TFC_InitTerminal,"ax",%progbits
 550              		.align	2
 551              		.global	TFC_InitTerminal
 552              		.code	16
 553              		.thumb_func
 555              	TFC_InitTerminal:
 556              	.LFB1:
  66:../Sources/TFC/TFC_Terminal.c **** {
 557              		.loc 1 66 0
 558              		.cfi_startproc
 559 0000 10B5     		push	{r4, lr}
 560              	.LCFI10:
 561              		.cfi_def_cfa_offset 8
 562              		.cfi_offset 4, -8
 563              		.cfi_offset 14, -4
  68:../Sources/TFC/TFC_Terminal.c **** 	CmdFound = 0;
 564              		.loc 1 68 0
 565 0002 0F48     		ldr	r0, .L41
 566              	.LBB4:
 567              	.LBB5:
  56:../Sources/TFC/TFC_Terminal.c **** TERMINAL_PRINTF("\r\n\r\n"); 
 568              		.loc 1 56 0
 569 0004 0F4C     		ldr	r4, .L41+4
 570              	.LBE5:
 571              	.LBE4:
  67:../Sources/TFC/TFC_Terminal.c **** 	TerminalPos = 0;
 572              		.loc 1 67 0
 573 0006 0023     		mov	r3, #0
 574 0008 0F4A     		ldr	r2, .L41+8
  68:../Sources/TFC/TFC_Terminal.c **** 	CmdFound = 0;
 575              		.loc 1 68 0
 576 000a 0370     		strb	r3, [r0]
 577              	.LBB8:
 578              	.LBB6:
  56:../Sources/TFC/TFC_Terminal.c **** TERMINAL_PRINTF("\r\n\r\n"); 
 579              		.loc 1 56 0
 580 000c 0F49     		ldr	r1, .L41+12
 581 000e 201C     		mov	r0, r4
 582              	.LBE6:
 583              	.LBE8:
  67:../Sources/TFC/TFC_Terminal.c **** 	TerminalPos = 0;
 584              		.loc 1 67 0
 585 0010 1370     		strb	r3, [r2]
 586              	.LBB9:
 587              	.LBB7:
  56:../Sources/TFC/TFC_Terminal.c **** TERMINAL_PRINTF("\r\n\r\n"); 
 588              		.loc 1 56 0
 589 0012 FFF7FEFF 		bl	Qprintf
 590              	.LVL53:
  57:../Sources/TFC/TFC_Terminal.c **** TERMINAL_PRINTF("***********************************\r\n"); 
 591              		.loc 1 57 0
 592 0016 201C     		mov	r0, r4
 593 0018 0D49     		ldr	r1, .L41+16
 594 001a FFF7FEFF 		bl	Qprintf
 595              	.LVL54:
  58:../Sources/TFC/TFC_Terminal.c **** TERMINAL_PRINTF("FRDM-TFC		           \r\n");
 596              		.loc 1 58 0
 597 001e 201C     		mov	r0, r4
 598 0020 0C49     		ldr	r1, .L41+20
 599 0022 FFF7FEFF 		bl	Qprintf
 600              	.LVL55:
  59:../Sources/TFC/TFC_Terminal.c **** TERMINAL_PRINTF("Copyright (C) <2013>  Eli Hughes\r\n");
 601              		.loc 1 59 0
 602 0026 201C     		mov	r0, r4
 603 0028 0B49     		ldr	r1, .L41+24
 604 002a FFF7FEFF 		bl	Qprintf
 605              	.LVL56:
  60:../Sources/TFC/TFC_Terminal.c **** TERMINAL_PRINTF("Wavenumber LLC\r\n"); 
 606              		.loc 1 60 0
 607 002e 201C     		mov	r0, r4
 608 0030 0A49     		ldr	r1, .L41+28
 609 0032 FFF7FEFF 		bl	Qprintf
 610              	.LVL57:
  61:../Sources/TFC/TFC_Terminal.c **** TERMINAL_PRINTF("***********************************\r\n\r\n>"); 
 611              		.loc 1 61 0
 612 0036 201C     		mov	r0, r4
 613 0038 0949     		ldr	r1, .L41+32
 614 003a FFF7FEFF 		bl	Qprintf
 615              	.LVL58:
 616              	.LBE7:
 617              	.LBE9:
  70:../Sources/TFC/TFC_Terminal.c **** }
 618              		.loc 1 70 0
 619              		@ sp needed for prologue
 620 003e 10BD     		pop	{r4, pc}
 621              	.L42:
 622              		.align	2
 623              	.L41:
 624 0040 00000000 		.word	CmdFound
 625 0044 00000000 		.word	SDA_SERIAL_OUTGOING_QUEUE
 626 0048 00000000 		.word	TerminalPos
 627 004c 14000000 		.word	.LC8
 628 0050 BC010000 		.word	.LC40
 629 0054 E4010000 		.word	.LC42
 630 0058 FC010000 		.word	.LC44
 631 005c 20020000 		.word	.LC46
 632 0060 34020000 		.word	.LC48
 633              		.cfi_endproc
 634              	.LFE1:
 636              		.section	.text.TerminalCmd_Reboot,"ax",%progbits
 637              		.align	2
 638              		.global	TerminalCmd_Reboot
 639              		.code	16
 640              		.thumb_func
 642              	TerminalCmd_Reboot:
 643              	.LFB3:
  88:../Sources/TFC/TFC_Terminal.c **** {
 644              		.loc 1 88 0
 645              		.cfi_startproc
 646              	.LVL59:
 647 0000 10B5     		push	{r4, lr}
 648              	.LCFI11:
 649              		.cfi_def_cfa_offset 8
 650              		.cfi_offset 4, -8
 651              		.cfi_offset 14, -4
 652              	.LBB12:
 653              	.LBB13:
  56:../Sources/TFC/TFC_Terminal.c **** TERMINAL_PRINTF("\r\n\r\n"); 
 654              		.loc 1 56 0
 655 0002 0D4C     		ldr	r4, .L44
 656 0004 0D49     		ldr	r1, .L44+4
 657 0006 201C     		mov	r0, r4
 658              	.LVL60:
 659 0008 FFF7FEFF 		bl	Qprintf
 660              	.LVL61:
  57:../Sources/TFC/TFC_Terminal.c **** TERMINAL_PRINTF("***********************************\r\n"); 
 661              		.loc 1 57 0
 662 000c 201C     		mov	r0, r4
 663 000e 0C49     		ldr	r1, .L44+8
 664 0010 FFF7FEFF 		bl	Qprintf
 665              	.LVL62:
  58:../Sources/TFC/TFC_Terminal.c **** TERMINAL_PRINTF("FRDM-TFC		           \r\n");
 666              		.loc 1 58 0
 667 0014 201C     		mov	r0, r4
 668 0016 0B49     		ldr	r1, .L44+12
 669 0018 FFF7FEFF 		bl	Qprintf
 670              	.LVL63:
  59:../Sources/TFC/TFC_Terminal.c **** TERMINAL_PRINTF("Copyright (C) <2013>  Eli Hughes\r\n");
 671              		.loc 1 59 0
 672 001c 201C     		mov	r0, r4
 673 001e 0A49     		ldr	r1, .L44+16
 674 0020 FFF7FEFF 		bl	Qprintf
 675              	.LVL64:
  60:../Sources/TFC/TFC_Terminal.c **** TERMINAL_PRINTF("Wavenumber LLC\r\n"); 
 676              		.loc 1 60 0
 677 0024 201C     		mov	r0, r4
 678 0026 0949     		ldr	r1, .L44+20
 679 0028 FFF7FEFF 		bl	Qprintf
 680              	.LVL65:
  61:../Sources/TFC/TFC_Terminal.c **** TERMINAL_PRINTF("***********************************\r\n\r\n>"); 
 681              		.loc 1 61 0
 682 002c 201C     		mov	r0, r4
 683 002e 0849     		ldr	r1, .L44+24
 684 0030 FFF7FEFF 		bl	Qprintf
 685              	.LVL66:
 686              	.LBE13:
 687              	.LBE12:
  90:../Sources/TFC/TFC_Terminal.c **** }
 688              		.loc 1 90 0
 689              		@ sp needed for prologue
 690 0034 10BD     		pop	{r4, pc}
 691              	.L45:
 692 0036 C046     		.align	2
 693              	.L44:
 694 0038 00000000 		.word	SDA_SERIAL_OUTGOING_QUEUE
 695 003c 14000000 		.word	.LC8
 696 0040 BC010000 		.word	.LC40
 697 0044 E4010000 		.word	.LC42
 698 0048 FC010000 		.word	.LC44
 699 004c 20020000 		.word	.LC46
 700 0050 34020000 		.word	.LC48
 701              		.cfi_endproc
 702              	.LFE3:
 704              		.section	.text.TFC_ProcessTerminal,"ax",%progbits
 705              		.align	2
 706              		.global	TFC_ProcessTerminal
 707              		.code	16
 708              		.thumb_func
 710              	TFC_ProcessTerminal:
 711              	.LFB9:
 166:../Sources/TFC/TFC_Terminal.c **** 
 167:../Sources/TFC/TFC_Terminal.c **** 
 168:../Sources/TFC/TFC_Terminal.c **** void TFC_ProcessTerminal()
 169:../Sources/TFC/TFC_Terminal.c **** {
 712              		.loc 1 169 0
 713              		.cfi_startproc
 714 0000 F0B5     		push	{r4, r5, r6, r7, lr}
 715              	.LCFI12:
 716              		.cfi_def_cfa_offset 20
 717              		.cfi_offset 4, -20
 718              		.cfi_offset 5, -16
 719              		.cfi_offset 6, -12
 720              		.cfi_offset 7, -8
 721              		.cfi_offset 14, -4
 170:../Sources/TFC/TFC_Terminal.c ****      uint8_t i,j;
 171:../Sources/TFC/TFC_Terminal.c ****      uint8_t ArgsFound;
 172:../Sources/TFC/TFC_Terminal.c ****         
 173:../Sources/TFC/TFC_Terminal.c ****     if(TERMINAL_READABLE)
 722              		.loc 1 173 0
 723 0002 A54C     		ldr	r4, .L118
 169:../Sources/TFC/TFC_Terminal.c **** {
 724              		.loc 1 169 0
 725 0004 5746     		mov	r7, sl
 726 0006 4E46     		mov	r6, r9
 727 0008 4546     		mov	r5, r8
 728 000a E0B4     		push	{r5, r6, r7}
 729              	.LCFI13:
 730              		.cfi_def_cfa_offset 32
 731              		.cfi_offset 8, -32
 732              		.cfi_offset 9, -28
 733              		.cfi_offset 10, -24
 734              		.loc 1 173 0
 735 000c 201C     		mov	r0, r4
 736 000e FFF7FEFF 		bl	BytesInQueue
 737              	.LVL67:
 738 0012 0028     		cmp	r0, #0
 739 0014 04D1     		bne	.L114
 740              	.L46:
 174:../Sources/TFC/TFC_Terminal.c ****     {
 175:../Sources/TFC/TFC_Terminal.c ****        NextCharIn = TERMINAL_GETC;
 176:../Sources/TFC/TFC_Terminal.c ****        
 177:../Sources/TFC/TFC_Terminal.c ****         switch(NextCharIn)
 178:../Sources/TFC/TFC_Terminal.c ****         {
 179:../Sources/TFC/TFC_Terminal.c ****             case '\r':
 180:../Sources/TFC/TFC_Terminal.c ****              
 181:../Sources/TFC/TFC_Terminal.c ****              TerminalLineBuf[TerminalPos++] = 0x0;
 182:../Sources/TFC/TFC_Terminal.c ****              TERMINAL_PUTC(NextCharIn);
 183:../Sources/TFC/TFC_Terminal.c ****            
 184:../Sources/TFC/TFC_Terminal.c ****              if(TerminalPos > 1)
 185:../Sources/TFC/TFC_Terminal.c ****              {
 186:../Sources/TFC/TFC_Terminal.c ****                  //find the command
 187:../Sources/TFC/TFC_Terminal.c ****                  i=0;
 188:../Sources/TFC/TFC_Terminal.c ****                  while(TerminalLineBuf[i]>0x20 &&  TerminalLineBuf[i]<0x7f)
 189:../Sources/TFC/TFC_Terminal.c ****                  {
 190:../Sources/TFC/TFC_Terminal.c ****                       TerminalCmdBuf[i] = TerminalLineBuf[i];
 191:../Sources/TFC/TFC_Terminal.c ****                       i++;
 192:../Sources/TFC/TFC_Terminal.c ****     
 193:../Sources/TFC/TFC_Terminal.c ****                     if(i==MAX_TERMINAL_CMD_CHARS)
 194:../Sources/TFC/TFC_Terminal.c ****                         {
 195:../Sources/TFC/TFC_Terminal.c ****                          break;
 196:../Sources/TFC/TFC_Terminal.c ****                         }
 197:../Sources/TFC/TFC_Terminal.c ****                  }
 198:../Sources/TFC/TFC_Terminal.c ****                     
 199:../Sources/TFC/TFC_Terminal.c ****                 TerminalCmdBuf[i] = 0;
 200:../Sources/TFC/TFC_Terminal.c **** //                TerminalCmdBuf[i+1] = 0; //Builds with out of bounds warning, removed the risk fo
 201:../Sources/TFC/TFC_Terminal.c ****                 
 202:../Sources/TFC/TFC_Terminal.c ****                 
 203:../Sources/TFC/TFC_Terminal.c ****                 ArgsFound = TRUE;
 204:../Sources/TFC/TFC_Terminal.c ****                 memset(TerminalArgs,0x00,sizeof(TerminalArgs));
 205:../Sources/TFC/TFC_Terminal.c ****                 //scan for num terminator or next non whitespace
 206:../Sources/TFC/TFC_Terminal.c ****                 while(TerminalLineBuf[i]<=0x20 && (i<MAX_TERMINAL_LINE_CHARS))
 207:../Sources/TFC/TFC_Terminal.c ****                 {
 208:../Sources/TFC/TFC_Terminal.c ****                     if(TerminalLineBuf[i] == 0x00)
 209:../Sources/TFC/TFC_Terminal.c ****                     {
 210:../Sources/TFC/TFC_Terminal.c ****                     
 211:../Sources/TFC/TFC_Terminal.c ****                         //if we find a NULL terminator before a non whitespace character they flag 
 212:../Sources/TFC/TFC_Terminal.c ****                         ArgsFound = FALSE;
 213:../Sources/TFC/TFC_Terminal.c ****                         break;
 214:../Sources/TFC/TFC_Terminal.c ****                     }   
 215:../Sources/TFC/TFC_Terminal.c ****                     i++; 
 216:../Sources/TFC/TFC_Terminal.c ****                 }
 217:../Sources/TFC/TFC_Terminal.c ****                 
 218:../Sources/TFC/TFC_Terminal.c ****                 if(ArgsFound == TRUE)
 219:../Sources/TFC/TFC_Terminal.c ****                 {
 220:../Sources/TFC/TFC_Terminal.c ****                     strcpy(TerminalArgs,&TerminalLineBuf[i]);
 221:../Sources/TFC/TFC_Terminal.c ****                     
 222:../Sources/TFC/TFC_Terminal.c ****                     //trim trailing whitespace
 223:../Sources/TFC/TFC_Terminal.c ****                     i = sizeof(TerminalArgs)-1;
 224:../Sources/TFC/TFC_Terminal.c ****                     
 225:../Sources/TFC/TFC_Terminal.c ****                     while((TerminalArgs[i]<0x21) && (i>0))
 226:../Sources/TFC/TFC_Terminal.c ****                     {
 227:../Sources/TFC/TFC_Terminal.c ****                         TerminalArgs[i]= 0x00;
 228:../Sources/TFC/TFC_Terminal.c ****                         i--;
 229:../Sources/TFC/TFC_Terminal.c ****                     }       
 230:../Sources/TFC/TFC_Terminal.c ****                 }
 231:../Sources/TFC/TFC_Terminal.c ****                 
 232:../Sources/TFC/TFC_Terminal.c ****                 CmdFound = FALSE;
 233:../Sources/TFC/TFC_Terminal.c ****                 for(j=0;j<NUM_TERMINAL_COMMANDS;j++)
 234:../Sources/TFC/TFC_Terminal.c ****                 {           
 235:../Sources/TFC/TFC_Terminal.c ****                     if(strcmp(TerminalCmdBuf,MyTerminalCallbackRecords[j].CommandString) == 0)
 236:../Sources/TFC/TFC_Terminal.c ****                     {
 237:../Sources/TFC/TFC_Terminal.c ****                         TERMINAL_PRINTF("\r\n");
 238:../Sources/TFC/TFC_Terminal.c ****                         if(MyTerminalCallbackRecords[j].Callback != NULL)
 239:../Sources/TFC/TFC_Terminal.c ****                             MyTerminalCallbackRecords[j].Callback(TerminalArgs);
 240:../Sources/TFC/TFC_Terminal.c ****                     
 241:../Sources/TFC/TFC_Terminal.c ****                         CmdFound = TRUE;
 242:../Sources/TFC/TFC_Terminal.c ****                         break;
 243:../Sources/TFC/TFC_Terminal.c ****                     }             
 244:../Sources/TFC/TFC_Terminal.c ****                 }        
 245:../Sources/TFC/TFC_Terminal.c ****                 if(CmdFound == FALSE)
 246:../Sources/TFC/TFC_Terminal.c ****                 {
 247:../Sources/TFC/TFC_Terminal.c ****                   TERMINAL_PRINTF("\r\n%s command not recognized.\r\n\r\n",TerminalCmdBuf);
 248:../Sources/TFC/TFC_Terminal.c ****                   TerminalCmd_Help("no arg");
 249:../Sources/TFC/TFC_Terminal.c ****                   
 250:../Sources/TFC/TFC_Terminal.c ****                 }
 251:../Sources/TFC/TFC_Terminal.c ****               }    
 252:../Sources/TFC/TFC_Terminal.c ****              TERMINAL_PRINTF("\r\n>");
 253:../Sources/TFC/TFC_Terminal.c ****              TerminalPos = 0;
 254:../Sources/TFC/TFC_Terminal.c ****             
 255:../Sources/TFC/TFC_Terminal.c ****             break;
 256:../Sources/TFC/TFC_Terminal.c ****             
 257:../Sources/TFC/TFC_Terminal.c ****             case '\b':
 258:../Sources/TFC/TFC_Terminal.c ****                 if(TerminalPos > 0)
 259:../Sources/TFC/TFC_Terminal.c ****                 {
 260:../Sources/TFC/TFC_Terminal.c ****                     TerminalPos--;    
 261:../Sources/TFC/TFC_Terminal.c ****                     TERMINAL_PUTC(NextCharIn);
 262:../Sources/TFC/TFC_Terminal.c ****                 }
 263:../Sources/TFC/TFC_Terminal.c ****             break;
 264:../Sources/TFC/TFC_Terminal.c ****             
 265:../Sources/TFC/TFC_Terminal.c ****             default:
 266:../Sources/TFC/TFC_Terminal.c ****                 
 267:../Sources/TFC/TFC_Terminal.c ****                 if(TerminalPos == 0 && NextCharIn == 0x020)
 268:../Sources/TFC/TFC_Terminal.c ****                 {
 269:../Sources/TFC/TFC_Terminal.c ****                      //Do nothing if space bar is pressed at beginning of line    
 270:../Sources/TFC/TFC_Terminal.c ****                 }
 271:../Sources/TFC/TFC_Terminal.c ****                    else if(NextCharIn >= 0x20 && NextCharIn<0x7F)
 272:../Sources/TFC/TFC_Terminal.c ****                 {
 273:../Sources/TFC/TFC_Terminal.c ****                     
 274:../Sources/TFC/TFC_Terminal.c ****                     if(TerminalPos < MAX_TERMINAL_LINE_CHARS-1)
 275:../Sources/TFC/TFC_Terminal.c ****                     {
 276:../Sources/TFC/TFC_Terminal.c ****                          TerminalLineBuf[TerminalPos++] = NextCharIn;
 277:../Sources/TFC/TFC_Terminal.c ****                         TERMINAL_PUTC(NextCharIn);
 278:../Sources/TFC/TFC_Terminal.c ****                     }
 279:../Sources/TFC/TFC_Terminal.c ****                 }
 280:../Sources/TFC/TFC_Terminal.c ****             
 281:../Sources/TFC/TFC_Terminal.c ****             break;
 282:../Sources/TFC/TFC_Terminal.c ****         
 283:../Sources/TFC/TFC_Terminal.c ****         }
 284:../Sources/TFC/TFC_Terminal.c ****     }
 285:../Sources/TFC/TFC_Terminal.c ****  
 286:../Sources/TFC/TFC_Terminal.c **** }
 741              		.loc 1 286 0
 742              		@ sp needed for prologue
 743 0016 1CBC     		pop	{r2, r3, r4}
 744 0018 9046     		mov	r8, r2
 745 001a 9946     		mov	r9, r3
 746 001c A246     		mov	sl, r4
 747 001e F0BD     		pop	{r4, r5, r6, r7, pc}
 748              	.L114:
 175:../Sources/TFC/TFC_Terminal.c ****        NextCharIn = TERMINAL_GETC;
 749              		.loc 1 175 0
 750 0020 201C     		mov	r0, r4
 751 0022 FFF7FEFF 		bl	ForcedByteDequeue
 752              	.LVL68:
 753 0026 9D4B     		ldr	r3, .L118+4
 754 0028 011C     		mov	r1, r0
 755 002a 1870     		strb	r0, [r3]
 177:../Sources/TFC/TFC_Terminal.c ****         switch(NextCharIn)
 756              		.loc 1 177 0
 757 002c 0828     		cmp	r0, #8
 758 002e 00D1     		bne	.LCB675
 759 0030 F3E0     		b	.L50	@long jump
 760              	.LCB675:
 761 0032 0D28     		cmp	r0, #13
 762 0034 13D0     		beq	.L115
 267:../Sources/TFC/TFC_Terminal.c ****                 if(TerminalPos == 0 && NextCharIn == 0x020)
 763              		.loc 1 267 0
 764 0036 9A4A     		ldr	r2, .L118+8
 765 0038 1578     		ldrb	r5, [r2]
 766 003a 002D     		cmp	r5, #0
 767 003c 00D0     		beq	.LCB681
 768 003e F8E0     		b	.L66	@long jump
 769              	.LCB681:
 267:../Sources/TFC/TFC_Terminal.c ****                 if(TerminalPos == 0 && NextCharIn == 0x020)
 770              		.loc 1 267 0 is_stmt 0
 771 0040 2028     		cmp	r0, #32
 772 0042 E8D0     		beq	.L46
 271:../Sources/TFC/TFC_Terminal.c ****                    else if(NextCharIn >= 0x20 && NextCharIn<0x7F)
 773              		.loc 1 271 0 is_stmt 1
 774 0044 071C     		mov	r7, r0
 775 0046 203F     		sub	r7, r7, #32
 776 0048 FCB2     		uxtb	r4, r7
 777 004a 5E2C     		cmp	r4, #94
 778 004c E3D8     		bhi	.L46
 779              	.L69:
 276:../Sources/TFC/TFC_Terminal.c ****                          TerminalLineBuf[TerminalPos++] = NextCharIn;
 780              		.loc 1 276 0
 781 004e 954B     		ldr	r3, .L118+12
 277:../Sources/TFC/TFC_Terminal.c ****                         TERMINAL_PUTC(NextCharIn);
 782              		.loc 1 277 0
 783 0050 9548     		ldr	r0, .L118+16
 276:../Sources/TFC/TFC_Terminal.c ****                          TerminalLineBuf[TerminalPos++] = NextCharIn;
 784              		.loc 1 276 0
 785 0052 5955     		strb	r1, [r3, r5]
 786 0054 0135     		add	r5, r5, #1
 787 0056 1570     		strb	r5, [r2]
 277:../Sources/TFC/TFC_Terminal.c ****                         TERMINAL_PUTC(NextCharIn);
 788              		.loc 1 277 0
 789 0058 FFF7FEFF 		bl	ByteEnqueue
 790              	.LVL69:
 791 005c DBE7     		b	.L46
 792              	.L115:
 181:../Sources/TFC/TFC_Terminal.c ****              TerminalLineBuf[TerminalPos++] = 0x0;
 793              		.loc 1 181 0
 794 005e 9049     		ldr	r1, .L118+8
 795 0060 904E     		ldr	r6, .L118+12
 796 0062 0878     		ldrb	r0, [r1]
 182:../Sources/TFC/TFC_Terminal.c ****              TERMINAL_PUTC(NextCharIn);
 797              		.loc 1 182 0
 798 0064 904F     		ldr	r7, .L118+16
 181:../Sources/TFC/TFC_Terminal.c ****              TerminalLineBuf[TerminalPos++] = 0x0;
 799              		.loc 1 181 0
 800 0066 0022     		mov	r2, #0
 801 0068 3254     		strb	r2, [r6, r0]
 802 006a 0130     		add	r0, r0, #1
 803 006c 0870     		strb	r0, [r1]
 804 006e 0D1C     		mov	r5, r1
 805 0070 8A46     		mov	sl, r1
 182:../Sources/TFC/TFC_Terminal.c ****              TERMINAL_PUTC(NextCharIn);
 806              		.loc 1 182 0
 807 0072 381C     		mov	r0, r7
 808 0074 0D21     		mov	r1, #13
 809 0076 FFF7FEFF 		bl	ByteEnqueue
 810              	.LVL70:
 184:../Sources/TFC/TFC_Terminal.c ****              if(TerminalPos > 1)
 811              		.loc 1 184 0
 812 007a 2B78     		ldrb	r3, [r5]
 182:../Sources/TFC/TFC_Terminal.c ****              TERMINAL_PUTC(NextCharIn);
 813              		.loc 1 182 0
 814 007c B946     		mov	r9, r7
 184:../Sources/TFC/TFC_Terminal.c ****              if(TerminalPos > 1)
 815              		.loc 1 184 0
 816 007e 012B     		cmp	r3, #1
 817 0080 00D8     		bhi	.LCB718
 818 0082 C2E0     		b	.L53	@long jump
 819              	.LCB718:
 820 0084 0024     		mov	r4, #0
 821 0086 894F     		ldr	r7, .L118+20
 822 0088 0DE0     		b	.L52
 823              	.L55:
 824 008a 5C1C     		add	r4, r3, #1
 190:../Sources/TFC/TFC_Terminal.c ****                       TerminalCmdBuf[i] = TerminalLineBuf[i];
 825              		.loc 1 190 0
 826 008c FD54     		strb	r5, [r7, r3]
 188:../Sources/TFC/TFC_Terminal.c ****                  while(TerminalLineBuf[i]>0x20 &&  TerminalLineBuf[i]<0x7f)
 827              		.loc 1 188 0
 828 008e 355D     		ldrb	r5, [r6, r4]
 829 0090 E2B2     		uxtb	r2, r4
 830 0092 281C     		mov	r0, r5
 831 0094 2138     		sub	r0, r0, #33
 832 0096 231C     		mov	r3, r4
 833 0098 5D28     		cmp	r0, #93
 834 009a 0BD8     		bhi	.L106
 190:../Sources/TFC/TFC_Terminal.c ****                       TerminalCmdBuf[i] = TerminalLineBuf[i];
 835              		.loc 1 190 0
 836 009c 3D55     		strb	r5, [r7, r4]
 837 009e 0134     		add	r4, r4, #1
 193:../Sources/TFC/TFC_Terminal.c ****                     if(i==MAX_TERMINAL_CMD_CHARS)
 838              		.loc 1 193 0
 839 00a0 202C     		cmp	r4, #32
 840 00a2 00D1     		bne	.LCB741
 841 00a4 E9E0     		b	.L116	@long jump
 842              	.LCB741:
 843              	.L52:
 188:../Sources/TFC/TFC_Terminal.c ****                  while(TerminalLineBuf[i]>0x20 &&  TerminalLineBuf[i]<0x7f)
 844              		.loc 1 188 0
 845 00a6 355D     		ldrb	r5, [r6, r4]
 846 00a8 E2B2     		uxtb	r2, r4
 847 00aa 291C     		mov	r1, r5
 848 00ac 2139     		sub	r1, r1, #33
 849 00ae 231C     		mov	r3, r4
 850 00b0 5D29     		cmp	r1, #93
 851 00b2 EAD9     		bls	.L55
 852              	.L106:
 853              	.LVL71:
 204:../Sources/TFC/TFC_Terminal.c ****                 memset(TerminalArgs,0x00,sizeof(TerminalArgs));
 854              		.loc 1 204 0
 855 00b4 7E48     		ldr	r0, .L118+24
 199:../Sources/TFC/TFC_Terminal.c ****                 TerminalCmdBuf[i] = 0;
 856              		.loc 1 199 0
 857 00b6 0021     		mov	r1, #0
 204:../Sources/TFC/TFC_Terminal.c ****                 memset(TerminalArgs,0x00,sizeof(TerminalArgs));
 858              		.loc 1 204 0
 859 00b8 8046     		mov	r8, r0
 860 00ba 02C0     		stmia	r0!, {r1}
 861 00bc 0430     		add	r0, r0, #4
 862 00be 02C0     		stmia	r0!, {r1}
 863 00c0 02C0     		stmia	r0!, {r1}
 864 00c2 02C0     		stmia	r0!, {r1}
 865 00c4 02C0     		stmia	r0!, {r1}
 199:../Sources/TFC/TFC_Terminal.c ****                 TerminalCmdBuf[i] = 0;
 866              		.loc 1 199 0
 867 00c6 3955     		strb	r1, [r7, r4]
 868              	.LVL72:
 204:../Sources/TFC/TFC_Terminal.c ****                 memset(TerminalArgs,0x00,sizeof(TerminalArgs));
 869              		.loc 1 204 0
 870 00c8 02C0     		stmia	r0!, {r1}
 871 00ca 4446     		mov	r4, r8
 872 00cc 6160     		str	r1, [r4, #4]
 873 00ce 0160     		str	r1, [r0]
 206:../Sources/TFC/TFC_Terminal.c ****                 while(TerminalLineBuf[i]<=0x20 && (i<MAX_TERMINAL_LINE_CHARS))
 874              		.loc 1 206 0
 875 00d0 202D     		cmp	r5, #32
 876 00d2 1ED8     		bhi	.L56
 877              	.LVL73:
 878              	.L68:
 208:../Sources/TFC/TFC_Terminal.c ****                     if(TerminalLineBuf[i] == 0x00)
 879              		.loc 1 208 0
 880 00d4 002D     		cmp	r5, #0
 881 00d6 3AD0     		beq	.L60
 882 00d8 D007     		lsl	r0, r2, #31
 883 00da 12D5     		bpl	.L109
 884              	.L97:
 215:../Sources/TFC/TFC_Terminal.c ****                     i++; 
 885              		.loc 1 215 0
 886 00dc 0132     		add	r2, r2, #1
 887 00de D2B2     		uxtb	r2, r2
 206:../Sources/TFC/TFC_Terminal.c ****                 while(TerminalLineBuf[i]<=0x20 && (i<MAX_TERMINAL_LINE_CHARS))
 888              		.loc 1 206 0
 889 00e0 B15C     		ldrb	r1, [r6, r2]
 890 00e2 131C     		mov	r3, r2
 891 00e4 2029     		cmp	r1, #32
 892 00e6 14D8     		bhi	.L56
 206:../Sources/TFC/TFC_Terminal.c ****                 while(TerminalLineBuf[i]<=0x20 && (i<MAX_TERMINAL_LINE_CHARS))
 893              		.loc 1 206 0 is_stmt 0
 894 00e8 3F2A     		cmp	r2, #63
 895 00ea 12D8     		bhi	.L56
 208:../Sources/TFC/TFC_Terminal.c ****                     if(TerminalLineBuf[i] == 0x00)
 896              		.loc 1 208 0 is_stmt 1
 897 00ec 0029     		cmp	r1, #0
 898 00ee 2ED0     		beq	.L60
 215:../Sources/TFC/TFC_Terminal.c ****                     i++; 
 899              		.loc 1 215 0
 900 00f0 0132     		add	r2, r2, #1
 901 00f2 D2B2     		uxtb	r2, r2
 902              	.LVL74:
 206:../Sources/TFC/TFC_Terminal.c ****                 while(TerminalLineBuf[i]<=0x20 && (i<MAX_TERMINAL_LINE_CHARS))
 903              		.loc 1 206 0
 904 00f4 B05C     		ldrb	r0, [r6, r2]
 905 00f6 131C     		mov	r3, r2
 906 00f8 2028     		cmp	r0, #32
 907 00fa 0AD8     		bhi	.L56
 908              	.LVL75:
 909              	.L113:
 208:../Sources/TFC/TFC_Terminal.c ****                     if(TerminalLineBuf[i] == 0x00)
 910              		.loc 1 208 0
 911 00fc 0028     		cmp	r0, #0
 912 00fe EDD1     		bne	.L97
 913 0100 25E0     		b	.L60
 914              	.L109:
 215:../Sources/TFC/TFC_Terminal.c ****                     i++; 
 915              		.loc 1 215 0
 916 0102 0132     		add	r2, r2, #1
 917 0104 D2B2     		uxtb	r2, r2
 918              	.LVL76:
 206:../Sources/TFC/TFC_Terminal.c ****                 while(TerminalLineBuf[i]<=0x20 && (i<MAX_TERMINAL_LINE_CHARS))
 919              		.loc 1 206 0
 920 0106 B05C     		ldrb	r0, [r6, r2]
 921 0108 131C     		mov	r3, r2
 922 010a 2028     		cmp	r0, #32
 923 010c 01D8     		bhi	.L56
 924 010e 3F2A     		cmp	r2, #63
 925 0110 F4D9     		bls	.L113
 926              	.LVL77:
 927              	.L56:
 220:../Sources/TFC/TFC_Terminal.c ****                     strcpy(TerminalArgs,&TerminalLineBuf[i]);
 928              		.loc 1 220 0
 929 0112 F118     		add	r1, r6, r3
 930 0114 4046     		mov	r0, r8
 225:../Sources/TFC/TFC_Terminal.c ****                     while((TerminalArgs[i]<0x21) && (i>0))
 931              		.loc 1 225 0
 932 0116 4446     		mov	r4, r8
 220:../Sources/TFC/TFC_Terminal.c ****                     strcpy(TerminalArgs,&TerminalLineBuf[i]);
 933              		.loc 1 220 0
 934 0118 FFF7FEFF 		bl	strcpy
 935              	.LVL78:
 225:../Sources/TFC/TFC_Terminal.c ****                     while((TerminalArgs[i]<0x21) && (i>0))
 936              		.loc 1 225 0
 937 011c E67F     		ldrb	r6, [r4, #31]
 938 011e 202E     		cmp	r6, #32
 939 0120 15D8     		bhi	.L60
 227:../Sources/TFC/TFC_Terminal.c ****                         TerminalArgs[i]= 0x00;
 940              		.loc 1 227 0
 941 0122 4146     		mov	r1, r8
 942 0124 0025     		mov	r5, #0
 943 0126 CD77     		strb	r5, [r1, #31]
 228:../Sources/TFC/TFC_Terminal.c ****                         i--;
 944              		.loc 1 228 0
 945 0128 1E23     		mov	r3, #30
 946              	.LVL79:
 225:../Sources/TFC/TFC_Terminal.c ****                     while((TerminalArgs[i]<0x21) && (i>0))
 947              		.loc 1 225 0
 948 012a CA5C     		ldrb	r2, [r1, r3]
 949 012c 202A     		cmp	r2, #32
 950 012e 0ED8     		bhi	.L60
 951              	.L87:
 227:../Sources/TFC/TFC_Terminal.c ****                         TerminalArgs[i]= 0x00;
 952              		.loc 1 227 0
 953 0130 4046     		mov	r0, r8
 954 0132 C554     		strb	r5, [r0, r3]
 228:../Sources/TFC/TFC_Terminal.c ****                         i--;
 955              		.loc 1 228 0
 956 0134 013B     		sub	r3, r3, #1
 957 0136 DBB2     		uxtb	r3, r3
 225:../Sources/TFC/TFC_Terminal.c ****                     while((TerminalArgs[i]<0x21) && (i>0))
 958              		.loc 1 225 0
 959 0138 C45C     		ldrb	r4, [r0, r3]
 960 013a 202C     		cmp	r4, #32
 961 013c 07D8     		bhi	.L60
 227:../Sources/TFC/TFC_Terminal.c ****                         TerminalArgs[i]= 0x00;
 962              		.loc 1 227 0
 963 013e C554     		strb	r5, [r0, r3]
 228:../Sources/TFC/TFC_Terminal.c ****                         i--;
 964              		.loc 1 228 0
 965 0140 013B     		sub	r3, r3, #1
 966 0142 DBB2     		uxtb	r3, r3
 225:../Sources/TFC/TFC_Terminal.c ****                     while((TerminalArgs[i]<0x21) && (i>0))
 967              		.loc 1 225 0
 968 0144 C15C     		ldrb	r1, [r0, r3]
 969 0146 2029     		cmp	r1, #32
 970 0148 01D8     		bhi	.L60
 971 014a 002B     		cmp	r3, #0
 972 014c F0D1     		bne	.L87
 973              	.L60:
 235:../Sources/TFC/TFC_Terminal.c ****                     if(strcmp(TerminalCmdBuf,MyTerminalCallbackRecords[j].CommandString) == 0)
 974              		.loc 1 235 0
 975 014e 594C     		ldr	r4, .L118+28
 232:../Sources/TFC/TFC_Terminal.c ****                 CmdFound = FALSE;
 976              		.loc 1 232 0
 977 0150 594D     		ldr	r5, .L118+32
 978 0152 0022     		mov	r2, #0
 235:../Sources/TFC/TFC_Terminal.c ****                     if(strcmp(TerminalCmdBuf,MyTerminalCallbackRecords[j].CommandString) == 0)
 979              		.loc 1 235 0
 980 0154 381C     		mov	r0, r7
 981 0156 2168     		ldr	r1, [r4]
 232:../Sources/TFC/TFC_Terminal.c ****                 CmdFound = FALSE;
 982              		.loc 1 232 0
 983 0158 2A70     		strb	r2, [r5]
 984              	.LVL80:
 235:../Sources/TFC/TFC_Terminal.c ****                     if(strcmp(TerminalCmdBuf,MyTerminalCallbackRecords[j].CommandString) == 0)
 985              		.loc 1 235 0
 986 015a FFF7FEFF 		bl	strcmp
 987              	.LVL81:
 988 015e 0028     		cmp	r0, #0
 989 0160 70D0     		beq	.L71
 990              	.LVL82:
 991 0162 381C     		mov	r0, r7
 992 0164 E168     		ldr	r1, [r4, #12]
 993 0166 FFF7FEFF 		bl	strcmp
 994              	.LVL83:
 995 016a 0028     		cmp	r0, #0
 996 016c 7BD0     		beq	.L72
 997              	.LVL84:
 998 016e 381C     		mov	r0, r7
 999 0170 A169     		ldr	r1, [r4, #24]
 1000 0172 FFF7FEFF 		bl	strcmp
 1001              	.LVL85:
 1002 0176 0028     		cmp	r0, #0
 1003 0178 79D0     		beq	.L73
 1004              	.LVL86:
 1005 017a 381C     		mov	r0, r7
 1006 017c 616A     		ldr	r1, [r4, #36]
 1007 017e FFF7FEFF 		bl	strcmp
 1008              	.LVL87:
 1009 0182 0028     		cmp	r0, #0
 1010 0184 71D0     		beq	.L74
 1011              	.LVL88:
 1012 0186 381C     		mov	r0, r7
 1013 0188 216B     		ldr	r1, [r4, #48]
 1014 018a FFF7FEFF 		bl	strcmp
 1015              	.LVL89:
 1016 018e 0028     		cmp	r0, #0
 1017 0190 6FD0     		beq	.L75
 1018              	.LVL90:
 1019 0192 381C     		mov	r0, r7
 1020 0194 E16B     		ldr	r1, [r4, #60]
 1021 0196 FFF7FEFF 		bl	strcmp
 1022              	.LVL91:
 1023 019a 0028     		cmp	r0, #0
 1024 019c 6BD0     		beq	.L117
 1025              	.LVL92:
 247:../Sources/TFC/TFC_Terminal.c ****                   TERMINAL_PRINTF("\r\n%s command not recognized.\r\n\r\n",TerminalCmdBuf);
 1026              		.loc 1 247 0
 1027 019e 3A1C     		mov	r2, r7
 1028 01a0 4649     		ldr	r1, .L118+36
 1029 01a2 4846     		mov	r0, r9
 1030 01a4 FFF7FEFF 		bl	Qprintf
 1031              	.LVL93:
 1032              	.LBB16:
 1033              	.LBB17:
  76:../Sources/TFC/TFC_Terminal.c ****     TERMINAL_PRINTF("\r\n\r\nCommand List:\r\n");
 1034              		.loc 1 76 0
 1035 01a8 4549     		ldr	r1, .L118+40
 1036 01aa 4846     		mov	r0, r9
 1037 01ac FFF7FEFF 		bl	Qprintf
 1038              	.LVL94:
  77:../Sources/TFC/TFC_Terminal.c ****     TERMINAL_PRINTF("----------------------\r\n");
 1039              		.loc 1 77 0
 1040 01b0 4449     		ldr	r1, .L118+44
 1041 01b2 4846     		mov	r0, r9
 1042 01b4 FFF7FEFF 		bl	Qprintf
 1043              	.LVL95:
  81:../Sources/TFC/TFC_Terminal.c ****          TERMINAL_PRINTF("%s  ---->  %s\r\n",MyTerminalCallbackRecords[i].CommandString,MyTerminalC
 1044              		.loc 1 81 0
 1045 01b8 434F     		ldr	r7, .L118+48
 1046 01ba 2268     		ldr	r2, [r4]
 1047 01bc 391C     		mov	r1, r7
 1048 01be A368     		ldr	r3, [r4, #8]
 1049 01c0 4846     		mov	r0, r9
 1050 01c2 FFF7FEFF 		bl	Qprintf
 1051              	.LVL96:
 1052 01c6 391C     		mov	r1, r7
 1053 01c8 E268     		ldr	r2, [r4, #12]
 1054 01ca 6369     		ldr	r3, [r4, #20]
 1055 01cc 4846     		mov	r0, r9
 1056 01ce FFF7FEFF 		bl	Qprintf
 1057              	.LVL97:
 1058 01d2 391C     		mov	r1, r7
 1059 01d4 A269     		ldr	r2, [r4, #24]
 1060 01d6 236A     		ldr	r3, [r4, #32]
 1061 01d8 4846     		mov	r0, r9
 1062 01da FFF7FEFF 		bl	Qprintf
 1063              	.LVL98:
 1064 01de 391C     		mov	r1, r7
 1065 01e0 626A     		ldr	r2, [r4, #36]
 1066 01e2 E36A     		ldr	r3, [r4, #44]
 1067 01e4 4846     		mov	r0, r9
 1068 01e6 FFF7FEFF 		bl	Qprintf
 1069              	.LVL99:
 1070 01ea 391C     		mov	r1, r7
 1071 01ec 226B     		ldr	r2, [r4, #48]
 1072 01ee A36B     		ldr	r3, [r4, #56]
 1073 01f0 4846     		mov	r0, r9
 1074 01f2 FFF7FEFF 		bl	Qprintf
 1075              	.LVL100:
 1076 01f6 391C     		mov	r1, r7
 1077 01f8 E26B     		ldr	r2, [r4, #60]
 1078 01fa 636C     		ldr	r3, [r4, #68]
 1079 01fc 4846     		mov	r0, r9
 1080 01fe FFF7FEFF 		bl	Qprintf
 1081              	.LVL101:
  84:../Sources/TFC/TFC_Terminal.c ****     TERMINAL_PRINTF("\r\n\r\n");
 1082              		.loc 1 84 0
 1083 0202 4846     		mov	r0, r9
 1084 0204 3149     		ldr	r1, .L118+52
 1085 0206 FFF7FEFF 		bl	Qprintf
 1086              	.LVL102:
 1087              	.L53:
 1088              	.LBE17:
 1089              	.LBE16:
 252:../Sources/TFC/TFC_Terminal.c ****              TERMINAL_PRINTF("\r\n>");
 1090              		.loc 1 252 0
 1091 020a 4846     		mov	r0, r9
 1092 020c 3049     		ldr	r1, .L118+56
 253:../Sources/TFC/TFC_Terminal.c ****              TerminalPos = 0;
 1093              		.loc 1 253 0
 1094 020e 0025     		mov	r5, #0
 1095 0210 5646     		mov	r6, sl
 252:../Sources/TFC/TFC_Terminal.c ****              TERMINAL_PRINTF("\r\n>");
 1096              		.loc 1 252 0
 1097 0212 FFF7FEFF 		bl	Qprintf
 1098              	.LVL103:
 253:../Sources/TFC/TFC_Terminal.c ****              TerminalPos = 0;
 1099              		.loc 1 253 0
 1100 0216 3570     		strb	r5, [r6]
 255:../Sources/TFC/TFC_Terminal.c ****             break;
 1101              		.loc 1 255 0
 1102 0218 FDE6     		b	.L46
 1103              	.L50:
 258:../Sources/TFC/TFC_Terminal.c ****                 if(TerminalPos > 0)
 1104              		.loc 1 258 0
 1105 021a 2148     		ldr	r0, .L118+8
 1106 021c 0378     		ldrb	r3, [r0]
 1107 021e 002B     		cmp	r3, #0
 1108 0220 00D1     		bne	.LCB1007
 1109 0222 F8E6     		b	.L46	@long jump
 1110              	.LCB1007:
 260:../Sources/TFC/TFC_Terminal.c ****                     TerminalPos--;    
 1111              		.loc 1 260 0
 1112 0224 013B     		sub	r3, r3, #1
 1113 0226 0370     		strb	r3, [r0]
 261:../Sources/TFC/TFC_Terminal.c ****                     TERMINAL_PUTC(NextCharIn);
 1114              		.loc 1 261 0
 1115 0228 0821     		mov	r1, #8
 1116 022a 1F48     		ldr	r0, .L118+16
 1117 022c FFF7FEFF 		bl	ByteEnqueue
 1118              	.LVL104:
 1119 0230 F1E6     		b	.L46
 1120              	.L66:
 271:../Sources/TFC/TFC_Terminal.c ****                    else if(NextCharIn >= 0x20 && NextCharIn<0x7F)
 1121              		.loc 1 271 0
 1122 0232 2038     		sub	r0, r0, #32
 1123 0234 C6B2     		uxtb	r6, r0
 1124 0236 5E2E     		cmp	r6, #94
 1125 0238 00D9     		bls	.LCB1021
 1126 023a ECE6     		b	.L46	@long jump
 1127              	.LCB1021:
 274:../Sources/TFC/TFC_Terminal.c ****                     if(TerminalPos < MAX_TERMINAL_LINE_CHARS-1)
 1128              		.loc 1 274 0
 1129 023c 3E2D     		cmp	r5, #62
 1130 023e 00D9     		bls	.LCB1023
 1131 0240 E9E6     		b	.L46	@long jump
 1132              	.LCB1023:
 1133 0242 04E7     		b	.L69
 1134              	.LVL105:
 1135              	.L71:
 235:../Sources/TFC/TFC_Terminal.c ****                     if(strcmp(TerminalCmdBuf,MyTerminalCallbackRecords[j].CommandString) == 0)
 1136              		.loc 1 235 0
 1137 0244 0026     		mov	r6, #0
 1138              	.LVL106:
 1139              	.L58:
 237:../Sources/TFC/TFC_Terminal.c ****                         TERMINAL_PRINTF("\r\n");
 1140              		.loc 1 237 0
 1141 0246 2349     		ldr	r1, .L118+60
 1142 0248 4846     		mov	r0, r9
 1143 024a FFF7FEFF 		bl	Qprintf
 1144              	.LVL107:
 238:../Sources/TFC/TFC_Terminal.c ****                         if(MyTerminalCallbackRecords[j].Callback != NULL)
 1145              		.loc 1 238 0
 1146 024e 7000     		lsl	r0, r6, #1
 1147 0250 8319     		add	r3, r0, r6
 1148 0252 9900     		lsl	r1, r3, #2
 1149 0254 6218     		add	r2, r4, r1
 1150 0256 5468     		ldr	r4, [r2, #4]
 1151 0258 002C     		cmp	r4, #0
 1152 025a 01D0     		beq	.L64
 239:../Sources/TFC/TFC_Terminal.c ****                             MyTerminalCallbackRecords[j].Callback(TerminalArgs);
 1153              		.loc 1 239 0
 1154 025c 4046     		mov	r0, r8
 1155 025e A047     		blx	r4
 1156              	.LVL108:
 1157              	.L64:
 241:../Sources/TFC/TFC_Terminal.c ****                         CmdFound = TRUE;
 1158              		.loc 1 241 0
 1159 0260 0127     		mov	r7, #1
 1160 0262 2F70     		strb	r7, [r5]
 1161 0264 D1E7     		b	.L53
 1162              	.LVL109:
 1163              	.L72:
 235:../Sources/TFC/TFC_Terminal.c ****                     if(strcmp(TerminalCmdBuf,MyTerminalCallbackRecords[j].CommandString) == 0)
 1164              		.loc 1 235 0
 1165 0266 0126     		mov	r6, #1
 1166 0268 EDE7     		b	.L58
 1167              	.LVL110:
 1168              	.L74:
 1169 026a 0326     		mov	r6, #3
 1170 026c EBE7     		b	.L58
 1171              	.LVL111:
 1172              	.L73:
 1173 026e 0226     		mov	r6, #2
 1174 0270 E9E7     		b	.L58
 1175              	.LVL112:
 1176              	.L75:
 1177 0272 0426     		mov	r6, #4
 1178 0274 E7E7     		b	.L58
 1179              	.LVL113:
 1180              	.L117:
 1181 0276 0526     		mov	r6, #5
 1182 0278 E5E7     		b	.L58
 1183              	.LVL114:
 1184              	.L116:
 204:../Sources/TFC/TFC_Terminal.c ****                 memset(TerminalArgs,0x00,sizeof(TerminalArgs));
 1185              		.loc 1 204 0
 1186 027a 0D4D     		ldr	r5, .L118+24
 199:../Sources/TFC/TFC_Terminal.c ****                 TerminalCmdBuf[i] = 0;
 1187              		.loc 1 199 0
 1188 027c 0021     		mov	r1, #0
 204:../Sources/TFC/TFC_Terminal.c ****                 memset(TerminalArgs,0x00,sizeof(TerminalArgs));
 1189              		.loc 1 204 0
 1190 027e 281C     		mov	r0, r5
 1191 0280 2022     		mov	r2, #32
 199:../Sources/TFC/TFC_Terminal.c ****                 TerminalCmdBuf[i] = 0;
 1192              		.loc 1 199 0
 1193 0282 3955     		strb	r1, [r7, r4]
 1194              	.LVL115:
 204:../Sources/TFC/TFC_Terminal.c ****                 memset(TerminalArgs,0x00,sizeof(TerminalArgs));
 1195              		.loc 1 204 0
 1196 0284 A846     		mov	r8, r5
 1197 0286 FFF7FEFF 		bl	memset
 1198              	.LVL116:
 206:../Sources/TFC/TFC_Terminal.c ****                 while(TerminalLineBuf[i]<=0x20 && (i<MAX_TERMINAL_LINE_CHARS))
 1199              		.loc 1 206 0
 1200 028a 355D     		ldrb	r5, [r6, r4]
 1201 028c 2022     		mov	r2, #32
 199:../Sources/TFC/TFC_Terminal.c ****                 TerminalCmdBuf[i] = 0;
 1202              		.loc 1 199 0
 1203 028e 131C     		mov	r3, r2
 206:../Sources/TFC/TFC_Terminal.c ****                 while(TerminalLineBuf[i]<=0x20 && (i<MAX_TERMINAL_LINE_CHARS))
 1204              		.loc 1 206 0
 1205 0290 9542     		cmp	r5, r2
 1206 0292 00D8     		bhi	.LCB1103
 1207 0294 1EE7     		b	.L68	@long jump
 1208              	.LCB1103:
 1209 0296 3CE7     		b	.L56
 1210              	.L119:
 1211              		.align	2
 1212              	.L118:
 1213 0298 00000000 		.word	SDA_SERIAL_INCOMING_QUEUE
 1214 029c 00000000 		.word	NextCharIn
 1215 02a0 00000000 		.word	TerminalPos
 1216 02a4 00000000 		.word	TerminalLineBuf
 1217 02a8 00000000 		.word	SDA_SERIAL_OUTGOING_QUEUE
 1218 02ac 00000000 		.word	TerminalCmdBuf
 1219 02b0 00000000 		.word	TerminalArgs
 1220 02b4 00000000 		.word	.LANCHOR0
 1221 02b8 00000000 		.word	CmdFound
 1222 02bc 64020000 		.word	.LC79
 1223 02c0 34000000 		.word	.LC14
 1224 02c4 48000000 		.word	.LC16
 1225 02c8 64000000 		.word	.LC18
 1226 02cc 14000000 		.word	.LC8
 1227 02d0 88020000 		.word	.LC85
 1228 02d4 60020000 		.word	.LC77
 1229              		.cfi_endproc
 1230              	.LFE9:
 1232              		.comm	CmdFound,1,1
 1233              		.comm	NextCharIn,1,1
 1234              		.comm	TerminalArgs,32,4
 1235              		.comm	TerminalCmdBuf,33,4
 1236              		.comm	TerminalPos,1,1
 1237              		.comm	TerminalLineBuf,64,4
 1238              		.global	MyTerminalCallbackRecords
 1239              		.section	.data.MyTerminalCallbackRecords,"aw",%progbits
 1240              		.align	2
 1241              		.set	.LANCHOR0,. + 0
 1244              	MyTerminalCallbackRecords:
 1245 0000 8C020000 		.word	.LC87
 1246 0004 00000000 		.word	TerminalCmd_Help
 1247 0008 94020000 		.word	.LC88
 1248 000c B0020000 		.word	.LC89
 1249 0010 00000000 		.word	TerminalCmd_GetLineScan
 1250 0014 B4020000 		.word	.LC90
 1251 0018 D4020000 		.word	.LC91
 1252 001c 00000000 		.word	TerminalCmd_S
 1253 0020 D8020000 		.word	.LC92
 1254 0024 FC020000 		.word	.LC93
 1255 0028 00000000 		.word	TerminalCmd_H
 1256 002c 00030000 		.word	.LC94
 1257 0030 18030000 		.word	.LC95
 1258 0034 00000000 		.word	TerminalCmd_E
 1259 0038 1C030000 		.word	.LC96
 1260 003c 34030000 		.word	.LC97
 1261 0040 00000000 		.word	TerminalCmd_D
 1262 0044 38030000 		.word	.LC98
 1263              		.section	.rodata.str1.4,"aMS",%progbits,1
 1264              		.align	2
 1265              	.LC1:
 1266 0000 0D0A4C49 		.ascii	"\015\012LINE 0:\000"
 1266      4E452030 
 1266      3A00
 1267 000a 0000     		.space	2
 1268              	.LC4:
 1269 000c 25325800 		.ascii	"%2X\000"
 1270              	.LC6:
 1271 0010 2C00     		.ascii	",\000"
 1272 0012 0000     		.space	2
 1273              	.LC8:
 1274 0014 0D0A0D0A 		.ascii	"\015\012\015\012\000"
 1274      00
 1275 0019 000000   		.space	3
 1276              	.LC11:
 1277 001c 090D0A45 		.ascii	"\011\015\012Enabling H-Bridges\015\012\000"
 1277      6E61626C 
 1277      696E6720 
 1277      482D4272 
 1277      69646765 
 1278              	.LC14:
 1279 0034 0D0A0D0A 		.ascii	"\015\012\015\012Command List:\015\012\000"
 1279      436F6D6D 
 1279      616E6420 
 1279      4C697374 
 1279      3A0D0A00 
 1280              	.LC16:
 1281 0048 2D2D2D2D 		.ascii	"----------------------\015\012\000"
 1281      2D2D2D2D 
 1281      2D2D2D2D 
 1281      2D2D2D2D 
 1281      2D2D2D2D 
 1282 0061 000000   		.space	3
 1283              	.LC18:
 1284 0064 25732020 		.ascii	"%s  ---->  %s\015\012\000"
 1284      2D2D2D2D 
 1284      3E202025 
 1284      730D0A00 
 1285              	.LC22:
 1286 0074 25642C25 		.ascii	"%d,%d\000"
 1286      6400
 1287 007a 0000     		.space	2
 1288              	.LC25:
 1289 007c 53657474 		.ascii	"Setting motor effort to to %d , %d\015\012\000"
 1289      696E6720 
 1289      6D6F746F 
 1289      72206566 
 1289      666F7274 
 1290 00a1 000000   		.space	3
 1291              	.LC27:
 1292 00a4 496E7661 		.ascii	"Invalid motor control string. There must be 2 comma"
 1292      6C696420 
 1292      6D6F746F 
 1292      7220636F 
 1292      6E74726F 
 1293 00d7 6E642073 		.ascii	"nd separated arguments between -100 and 100. Ex: H "
 1293      65706172 
 1293      61746564 
 1293      20617267 
 1293      756D656E 
 1294 010a 34332C2D 		.ascii	"43,-43\015\012\000"
 1294      34330D0A 
 1294      00
 1295 0113 00       		.space	1
 1296              	.LC30:
 1297 0114 090D0A44 		.ascii	"\011\015\012Disabling H-Bridges\015\012\000"
 1297      69736162 
 1297      6C696E67 
 1297      20482D42 
 1297      72696467 
 1298 012d 000000   		.space	3
 1299              	.LC34:
 1300 0130 53657474 		.ascii	"Setting Servos to %d , %d\015\012\000"
 1300      696E6720 
 1300      53657276 
 1300      6F732074 
 1300      6F202564 
 1301              	.LC36:
 1302 014c 496E7661 		.ascii	"Invalid servo control string. There must be 2 comma"
 1302      6C696420 
 1302      73657276 
 1302      6F20636F 
 1302      6E74726F 
 1303 017f 6E642073 		.ascii	"nd separated arguments between -100 and 100. Ex: S "
 1303      65706172 
 1303      61746564 
 1303      20617267 
 1303      756D656E 
 1304 01b2 34332C2D 		.ascii	"43,-43\000"
 1304      343300
 1305 01b9 000000   		.space	3
 1306              	.LC40:
 1307 01bc 2A2A2A2A 		.ascii	"***********************************\015\012\000"
 1307      2A2A2A2A 
 1307      2A2A2A2A 
 1307      2A2A2A2A 
 1307      2A2A2A2A 
 1308 01e2 0000     		.space	2
 1309              	.LC42:
 1310 01e4 4652444D 		.ascii	"FRDM-TFC\011\011           \015\012\000"
 1310      2D544643 
 1310      09092020 
 1310      20202020 
 1310      20202020 
 1311              	.LC44:
 1312 01fc 436F7079 		.ascii	"Copyright (C) <2013>  Eli Hughes\015\012\000"
 1312      72696768 
 1312      74202843 
 1312      29203C32 
 1312      3031333E 
 1313 021f 00       		.space	1
 1314              	.LC46:
 1315 0220 57617665 		.ascii	"Wavenumber LLC\015\012\000"
 1315      6E756D62 
 1315      6572204C 
 1315      4C430D0A 
 1315      00
 1316 0231 000000   		.space	3
 1317              	.LC48:
 1318 0234 2A2A2A2A 		.ascii	"***********************************\015\012\015\012"
 1318      2A2A2A2A 
 1318      2A2A2A2A 
 1318      2A2A2A2A 
 1318      2A2A2A2A 
 1319 025b 3E00     		.ascii	">\000"
 1320 025d 000000   		.space	3
 1321              	.LC77:
 1322 0260 0D0A00   		.ascii	"\015\012\000"
 1323 0263 00       		.space	1
 1324              	.LC79:
 1325 0264 0D0A2573 		.ascii	"\015\012%s command not recognized.\015\012\015\012\000"
 1325      20636F6D 
 1325      6D616E64 
 1325      206E6F74 
 1325      20726563 
 1326 0285 000000   		.space	3
 1327              	.LC85:
 1328 0288 0D0A3E00 		.ascii	"\015\012>\000"
 1329              	.LC87:
 1330 028c 68656C70 		.ascii	"help\000"
 1330      00
 1331 0291 000000   		.space	3
 1332              	.LC88:
 1333 0294 4C697374 		.ascii	"Lists available commands\000"
 1333      73206176 
 1333      61696C61 
 1333      626C6520 
 1333      636F6D6D 
 1334 02ad 000000   		.space	3
 1335              	.LC89:
 1336 02b0 4C00     		.ascii	"L\000"
 1337 02b2 0000     		.space	2
 1338              	.LC90:
 1339 02b4 44697370 		.ascii	"Displays linescan camera data\000"
 1339      6C617973 
 1339      206C696E 
 1339      65736361 
 1339      6E206361 
 1340 02d2 0000     		.space	2
 1341              	.LC91:
 1342 02d4 5300     		.ascii	"S\000"
 1343 02d6 0000     		.space	2
 1344              	.LC92:
 1345 02d8 436F6D6D 		.ascii	"Commands the servos to a position\000"
 1345      616E6473 
 1345      20746865 
 1345      20736572 
 1345      766F7320 
 1346 02fa 0000     		.space	2
 1347              	.LC93:
 1348 02fc 4800     		.ascii	"H\000"
 1349 02fe 0000     		.space	2
 1350              	.LC94:
 1351 0300 436F6D6D 		.ascii	"Commands the H-Bridges\000"
 1351      616E6473 
 1351      20746865 
 1351      20482D42 
 1351      72696467 
 1352 0317 00       		.space	1
 1353              	.LC95:
 1354 0318 4500     		.ascii	"E\000"
 1355 031a 0000     		.space	2
 1356              	.LC96:
 1357 031c 456E6162 		.ascii	"Enables the H-Bridges\000"
 1357      6C657320 
 1357      74686520 
 1357      482D4272 
 1357      69646765 
 1358 0332 0000     		.space	2
 1359              	.LC97:
 1360 0334 4400     		.ascii	"D\000"
 1361 0336 0000     		.space	2
 1362              	.LC98:
 1363 0338 44697361 		.ascii	"Disables the H-Bridges\000"
 1363      626C6573 
 1363      20746865 
 1363      20482D42 
 1363      72696467 
 1364 034f 00       		.text
 1365              	.Letext0:
 1366              		.file 2 "C:/Freescale/CW MCU v10.6/MCU/ARM_GCC_Support/ewl/EWL_C/include/cstdint"
 1367              		.file 3 "C:/Users/bentr_000/Google Drive/GitHub/TFC-Group2-2016/CodeWarrior Code/FRDM-TFC/Project_
 1368              		.file 4 "C:/Users/bentr_000/Google Drive/GitHub/TFC-Group2-2016/CodeWarrior Code/FRDM-TFC/Project_
 1369              		.file 5 "C:/Users/bentr_000/Google Drive/GitHub/TFC-Group2-2016/CodeWarrior Code/FRDM-TFC/Project_
 1370              		.file 6 "C:/Users/bentr_000/Google Drive/GitHub/TFC-Group2-2016/CodeWarrior Code/FRDM-TFC/Project_
DEFINED SYMBOLS
                            *ABS*:00000000 TFC_Terminal.c
C:\Users\BENTR_~1\AppData\Local\Temp\ccAiKZZz.s:18     .text.TerminalCmd_GetLineScan:00000000 $t
C:\Users\BENTR_~1\AppData\Local\Temp\ccAiKZZz.s:23     .text.TerminalCmd_GetLineScan:00000000 TerminalCmd_GetLineScan
C:\Users\BENTR_~1\AppData\Local\Temp\ccAiKZZz.s:137    .text.TerminalCmd_GetLineScan:00000084 $d
C:\Users\BENTR_~1\AppData\Local\Temp\ccAiKZZz.s:147    .text.TerminalCmd_E:00000000 $t
C:\Users\BENTR_~1\AppData\Local\Temp\ccAiKZZz.s:152    .text.TerminalCmd_E:00000000 TerminalCmd_E
C:\Users\BENTR_~1\AppData\Local\Temp\ccAiKZZz.s:179    .text.TerminalCmd_E:00000014 $d
C:\Users\BENTR_~1\AppData\Local\Temp\ccAiKZZz.s:186    .text.TerminalCmd_Help:00000000 $t
C:\Users\BENTR_~1\AppData\Local\Temp\ccAiKZZz.s:191    .text.TerminalCmd_Help:00000000 TerminalCmd_Help
C:\Users\BENTR_~1\AppData\Local\Temp\ccAiKZZz.s:265    .text.TerminalCmd_Help:0000006c $d
C:\Users\BENTR_~1\AppData\Local\Temp\ccAiKZZz.s:277    .text.TerminalCmd_H:00000000 $t
C:\Users\BENTR_~1\AppData\Local\Temp\ccAiKZZz.s:282    .text.TerminalCmd_H:00000000 TerminalCmd_H
C:\Users\BENTR_~1\AppData\Local\Temp\ccAiKZZz.s:349    .text.TerminalCmd_H:00000054 $d
C:\Users\BENTR_~1\AppData\Local\Temp\ccAiKZZz.s:358    .text.TerminalCmd_D:00000000 $t
C:\Users\BENTR_~1\AppData\Local\Temp\ccAiKZZz.s:363    .text.TerminalCmd_D:00000000 TerminalCmd_D
C:\Users\BENTR_~1\AppData\Local\Temp\ccAiKZZz.s:397    .text.TerminalCmd_D:0000001c $d
C:\Users\BENTR_~1\AppData\Local\Temp\ccAiKZZz.s:404    .text.TerminalCmd_S:00000000 $t
C:\Users\BENTR_~1\AppData\Local\Temp\ccAiKZZz.s:409    .text.TerminalCmd_S:00000000 TerminalCmd_S
C:\Users\BENTR_~1\AppData\Local\Temp\ccAiKZZz.s:479    .text.TerminalCmd_S:0000005c $d
C:\Users\BENTR_~1\AppData\Local\Temp\ccAiKZZz.s:488    .text.TerminalBootMsg:00000000 $t
C:\Users\BENTR_~1\AppData\Local\Temp\ccAiKZZz.s:493    .text.TerminalBootMsg:00000000 TerminalBootMsg
C:\Users\BENTR_~1\AppData\Local\Temp\ccAiKZZz.s:539    .text.TerminalBootMsg:00000038 $d
C:\Users\BENTR_~1\AppData\Local\Temp\ccAiKZZz.s:550    .text.TFC_InitTerminal:00000000 $t
C:\Users\BENTR_~1\AppData\Local\Temp\ccAiKZZz.s:555    .text.TFC_InitTerminal:00000000 TFC_InitTerminal
C:\Users\BENTR_~1\AppData\Local\Temp\ccAiKZZz.s:624    .text.TFC_InitTerminal:00000040 $d
                            *COM*:00000001 CmdFound
                            *COM*:00000001 TerminalPos
C:\Users\BENTR_~1\AppData\Local\Temp\ccAiKZZz.s:637    .text.TerminalCmd_Reboot:00000000 $t
C:\Users\BENTR_~1\AppData\Local\Temp\ccAiKZZz.s:642    .text.TerminalCmd_Reboot:00000000 TerminalCmd_Reboot
C:\Users\BENTR_~1\AppData\Local\Temp\ccAiKZZz.s:694    .text.TerminalCmd_Reboot:00000038 $d
C:\Users\BENTR_~1\AppData\Local\Temp\ccAiKZZz.s:705    .text.TFC_ProcessTerminal:00000000 $t
C:\Users\BENTR_~1\AppData\Local\Temp\ccAiKZZz.s:710    .text.TFC_ProcessTerminal:00000000 TFC_ProcessTerminal
C:\Users\BENTR_~1\AppData\Local\Temp\ccAiKZZz.s:1213   .text.TFC_ProcessTerminal:00000298 $d
                            *COM*:00000001 NextCharIn
                            *COM*:00000040 TerminalLineBuf
                            *COM*:00000021 TerminalCmdBuf
                            *COM*:00000020 TerminalArgs
C:\Users\BENTR_~1\AppData\Local\Temp\ccAiKZZz.s:1244   .data.MyTerminalCallbackRecords:00000000 MyTerminalCallbackRecords
C:\Users\BENTR_~1\AppData\Local\Temp\ccAiKZZz.s:1240   .data.MyTerminalCallbackRecords:00000000 $d
C:\Users\BENTR_~1\AppData\Local\Temp\ccAiKZZz.s:1264   .rodata.str1.4:00000000 $d
                     .debug_frame:00000010 $d

UNDEFINED SYMBOLS
Qprintf
SDA_SERIAL_OUTGOING_QUEUE
LineScanImage0
__aeabi_i2f
__aeabi_fdiv
sscanf
TFC_SetMotorPWM
TFC_SetServo
BytesInQueue
ForcedByteDequeue
ByteEnqueue
strcpy
strcmp
memset
SDA_SERIAL_INCOMING_QUEUE
